<?xml version="1.0" encoding="UTF-8"?>
<testsuite name="tests.WebQuizEngineTest" tests="1" skipped="0" failures="0" errors="0" timestamp="2020-08-22T19:50:22" hostname="POWERPC" time="31.82">
  <properties/>
  <testcase name="start" classname="tests.WebQuizEngineTest" time="31.82"/>
  <system-out><![CDATA[?[1;31m
Start test 1?[0m

  .   ____          _            __ _ _
 /\\ / ___'_ __ _ _(_)_ __  __ _ \ \ \ \
( ( )\___ | '_ | '_| | '_ \/ _` | \ \ \ \
 \\/  ___)| |_)| | | | | || (_| |  ) ) ) )
  '  |____| .__|_| |_|_| |_\__, | / / / /
 =========|_|==============|___/=/_/_/_/
 :: Spring Boot ::        (v2.2.2.RELEASE)

2020-08-22 22:50:23.589  INFO 8040 --- [    Test worker] engine.WebQuizEngine                     : Starting WebQuizEngine on POWERPC with PID 8040 (started by alexd in D:\0-alex-reserve\repos\hyperskill-web-quiz-engine\Web Quiz Engine\task)
2020-08-22 22:50:23.593  INFO 8040 --- [    Test worker] engine.WebQuizEngine                     : No active profile set, falling back to default profiles: default
2020-08-22 22:50:24.797  INFO 8040 --- [    Test worker] .s.d.r.c.RepositoryConfigurationDelegate : Bootstrapping Spring Data JPA repositories in DEFAULT mode.
2020-08-22 22:50:24.900  INFO 8040 --- [    Test worker] .s.d.r.c.RepositoryConfigurationDelegate : Finished Spring Data repository scanning in 93ms. Found 3 JPA repository interfaces.
2020-08-22 22:50:25.383  INFO 8040 --- [    Test worker] trationDelegate$BeanPostProcessorChecker : Bean 'org.springframework.transaction.annotation.ProxyTransactionManagementConfiguration' of type [org.springframework.transaction.annotation.ProxyTransactionManagementConfiguration] is not eligible for getting processed by all BeanPostProcessors (for example: not eligible for auto-proxying)
2020-08-22 22:50:25.688  INFO 8040 --- [    Test worker] o.s.b.w.embedded.tomcat.TomcatWebServer  : Tomcat initialized with port(s): 8889 (http)
2020-08-22 22:50:25.703  INFO 8040 --- [    Test worker] o.apache.catalina.core.StandardService   : Starting service [Tomcat]
2020-08-22 22:50:25.704  INFO 8040 --- [    Test worker] org.apache.catalina.core.StandardEngine  : Starting Servlet engine: [Apache Tomcat/9.0.29]
2020-08-22 22:50:25.874  INFO 8040 --- [    Test worker] o.a.c.c.C.[Tomcat].[localhost].[/]       : Initializing Spring embedded WebApplicationContext
2020-08-22 22:50:25.874  INFO 8040 --- [    Test worker] o.s.web.context.ContextLoader            : Root WebApplicationContext: initialization completed in 2222 ms
2020-08-22 22:50:26.026  INFO 8040 --- [    Test worker] com.zaxxer.hikari.HikariDataSource       : HikariPool-1 - Starting...
2020-08-22 22:50:26.272  INFO 8040 --- [    Test worker] com.zaxxer.hikari.HikariDataSource       : HikariPool-1 - Start completed.
2020-08-22 22:50:26.281  INFO 8040 --- [    Test worker] o.s.b.a.h2.H2ConsoleAutoConfiguration    : H2 console available at '/h2-console'. Database available at 'jdbc:h2:file:../quizdb'
2020-08-22 22:50:26.615  INFO 8040 --- [    Test worker] o.hibernate.jpa.internal.util.LogHelper  : HHH000204: Processing PersistenceUnitInfo [name: default]
2020-08-22 22:50:26.717  INFO 8040 --- [    Test worker] org.hibernate.Version                    : HHH000412: Hibernate Core {5.4.9.Final}
2020-08-22 22:50:26.922  INFO 8040 --- [    Test worker] o.hibernate.annotations.common.Version   : HCANN000001: Hibernate Commons Annotations {5.1.0.Final}
2020-08-22 22:50:27.077  INFO 8040 --- [    Test worker] org.hibernate.dialect.Dialect            : HHH000400: Using dialect: org.hibernate.dialect.H2Dialect
Hibernate: create table quiz (id integer not null, author varchar(255), text varchar(255) not null, title varchar(255) not null, primary key (id))
Hibernate: create table quiz_answer (quiz_id integer not null, answer integer)
Hibernate: create table quiz_options (quiz_id integer not null, options varchar(255))
Hibernate: create table quiz_completion (id integer not null, completed_at timestamp not null, quiz_id integer not null, user_email varchar(255) not null, primary key (id))
Hibernate: create table user (email varchar(255) not null, password varchar(255) not null, primary key (email))
Hibernate: create sequence hibernate_sequence start with 1 increment by 1
Hibernate: alter table quiz_answer add constraint FKoxi2td1x8cc3y4a0vlsg2hfnc foreign key (quiz_id) references quiz
Hibernate: alter table quiz_options add constraint FKsx28j7orq6asg17veq9nblhw8 foreign key (quiz_id) references quiz
2020-08-22 22:50:28.062  INFO 8040 --- [    Test worker] o.h.e.t.j.p.i.JtaPlatformInitiator       : HHH000490: Using JtaPlatform implementation: [org.hibernate.engine.transaction.jta.platform.internal.NoJtaPlatform]
2020-08-22 22:50:28.070  INFO 8040 --- [    Test worker] j.LocalContainerEntityManagerFactoryBean : Initialized JPA EntityManagerFactory for persistence unit 'default'
2020-08-22 22:50:28.134  WARN 8040 --- [    Test worker] JpaBaseConfiguration$JpaWebConfiguration : spring.jpa.open-in-view is enabled by default. Therefore, database queries may be performed during view rendering. Explicitly configure spring.jpa.open-in-view to disable this warning
2020-08-22 22:50:28.844  INFO 8040 --- [    Test worker] o.s.s.web.DefaultSecurityFilterChain     : Creating filter chain: any request, [org.springframework.security.web.context.request.async.WebAsyncManagerIntegrationFilter@5b8a6f7b, org.springframework.security.web.context.SecurityContextPersistenceFilter@92b8e26, org.springframework.security.web.header.HeaderWriterFilter@2803d775, org.springframework.security.web.authentication.logout.LogoutFilter@45608b0c, org.springframework.security.web.authentication.www.BasicAuthenticationFilter@34c72179, org.springframework.security.web.savedrequest.RequestCacheAwareFilter@6fe39ee1, org.springframework.security.web.servletapi.SecurityContextHolderAwareRequestFilter@224ce507, org.springframework.security.web.authentication.AnonymousAuthenticationFilter@1c6337b2, org.springframework.security.web.session.SessionManagementFilter@261bbf0e, org.springframework.security.web.access.ExceptionTranslationFilter@199e7f05, org.springframework.security.web.access.intercept.FilterSecurityInterceptor@1f7222a6]
2020-08-22 22:50:29.032  INFO 8040 --- [    Test worker] o.s.s.concurrent.ThreadPoolTaskExecutor  : Initializing ExecutorService 'applicationTaskExecutor'
2020-08-22 22:50:29.378  INFO 8040 --- [    Test worker] o.s.b.a.e.web.EndpointLinksResolver      : Exposing 14 endpoint(s) beneath base path '/actuator'
2020-08-22 22:50:29.457  INFO 8040 --- [    Test worker] o.s.b.w.embedded.tomcat.TomcatWebServer  : Tomcat started on port(s): 8889 (http) with context path ''
2020-08-22 22:50:29.460  INFO 8040 --- [    Test worker] engine.WebQuizEngine                     : Started WebQuizEngine in 6.311 seconds (JVM running for 7.384)
2020-08-22 22:50:29.919  INFO 8040 --- [nio-8889-exec-1] o.a.c.c.C.[Tomcat].[localhost].[/]       : Initializing Spring DispatcherServlet 'dispatcherServlet'
2020-08-22 22:50:29.921  INFO 8040 --- [nio-8889-exec-1] o.s.web.servlet.DispatcherServlet        : Initializing Servlet 'dispatcherServlet'
2020-08-22 22:50:29.931  INFO 8040 --- [nio-8889-exec-1] o.s.web.servlet.DispatcherServlet        : Completed initialization in 10 ms
Hibernate: select user0_.email as email1_4_, user0_.password as password2_4_ from user user0_ where user0_.email=?
Hibernate: select user0_.email as email1_4_0_, user0_.password as password2_4_0_ from user user0_ where user0_.email=?
Hibernate: insert into user (password, email) values (?, ?)
?[1;31m
Start test 2?[0m
Hibernate: select user0_.email as email1_4_, user0_.password as password2_4_ from user user0_ where user0_.email=?
Hibernate: select user0_.email as email1_4_0_, user0_.password as password2_4_0_ from user user0_ where user0_.email=?
Hibernate: insert into user (password, email) values (?, ?)
?[1;31m
Start test 3?[0m
2020-08-22 22:50:30.567  WARN 8040 --- [nio-8889-exec-4] .w.s.m.s.DefaultHandlerExceptionResolver : Resolved [org.springframework.web.bind.MethodArgumentNotValidException: Validation failed for argument [0] in public java.lang.String engine.controller.UserController.registerUser(engine.entity.User) with 2 errors: [Field error in object 'user' on field 'email': rejected value [google.com]; codes [Pattern.user.email,Pattern.email,Pattern.java.lang.String,Pattern]; arguments [org.springframework.context.support.DefaultMessageSourceResolvable: codes [user.email,email]; arguments []; default message [email],[Ljavax.validation.constraints.Pattern$Flag;@5eb7fc80,.+@.+\..+]; default message [must match ".+@.+\..+"]] [Field error in object 'user' on field 'email': rejected value [google.com]; codes [Email.user.email,Email.email,Email.java.lang.String,Email]; arguments [org.springframework.context.support.DefaultMessageSourceResolvable: codes [user.email,email]; arguments []; default message [email],[Ljavax.validation.constraints.Pattern$Flag;@517f16c3,.*]; default message [must be a well-formed email address]] ]
?[1;31m
Start test 4?[0m
2020-08-22 22:50:30.633  WARN 8040 --- [nio-8889-exec-5] .w.s.m.s.DefaultHandlerExceptionResolver : Resolved [org.springframework.web.bind.MethodArgumentNotValidException: Validation failed for argument [0] in public java.lang.String engine.controller.UserController.registerUser(engine.entity.User): [Field error in object 'user' on field 'email': rejected value [well@googlecom]; codes [Pattern.user.email,Pattern.email,Pattern.java.lang.String,Pattern]; arguments [org.springframework.context.support.DefaultMessageSourceResolvable: codes [user.email,email]; arguments []; default message [email],[Ljavax.validation.constraints.Pattern$Flag;@5eb7fc80,.+@.+\..+]; default message [must match ".+@.+\..+"]] ]
?[1;31m
Start test 5?[0m
Hibernate: select user0_.email as email1_4_, user0_.password as password2_4_ from user user0_ where user0_.email=?
?[1;31m
Start test 6?[0m
2020-08-22 22:50:30.661  WARN 8040 --- [nio-8889-exec-7] .w.s.m.s.DefaultHandlerExceptionResolver : Resolved [org.springframework.web.bind.MethodArgumentNotValidException: Validation failed for argument [0] in public java.lang.String engine.controller.UserController.registerUser(engine.entity.User): [Field error in object 'user' on field 'password': rejected value [1234]; codes [Size.user.password,Size.password,Size.java.lang.String,Size]; arguments [org.springframework.context.support.DefaultMessageSourceResolvable: codes [user.password,password]; arguments []; default message [password],2147483647,5]; default message [size must be between 5 and 2147483647]] ]
?[1;31m
Start test 7?[0m
2020-08-22 22:50:30.670  WARN 8040 --- [nio-8889-exec-8] .w.s.m.s.DefaultHandlerExceptionResolver : Resolved [org.springframework.web.bind.MethodArgumentNotValidException: Validation failed for argument [0] in public java.lang.String engine.controller.UserController.registerUser(engine.entity.User): [Field error in object 'user' on field 'password': rejected value [123]; codes [Size.user.password,Size.password,Size.java.lang.String,Size]; arguments [org.springframework.context.support.DefaultMessageSourceResolvable: codes [user.password,password]; arguments []; default message [password],2147483647,5]; default message [size must be between 5 and 2147483647]] ]
?[1;31m
Start test 8?[0m
Hibernate: select user0_.email as email1_4_, user0_.password as password2_4_ from user user0_ where user0_.email=?
2020-08-22 22:50:30.973  WARN 8040 --- [nio-8889-exec-9] o.a.c.util.SessionIdGeneratorBase        : Creation of SecureRandom instance for session ID generation using [SHA1PRNG] took [115] milliseconds.
Hibernate: select quiz0_.id as id1_0_, quiz0_.author as author2_0_, quiz0_.text as text3_0_, quiz0_.title as title4_0_ from quiz quiz0_ limit ?
?[1;31m
Start test 9?[0m
Hibernate: select user0_.email as email1_4_, user0_.password as password2_4_ from user user0_ where user0_.email=?
Hibernate: select quiz0_.id as id1_0_, quiz0_.author as author2_0_, quiz0_.text as text3_0_, quiz0_.title as title4_0_ from quiz quiz0_ limit ?
?[1;31m
Start test 10?[0m
Hibernate: select user0_.email as email1_4_, user0_.password as password2_4_ from user user0_ where user0_.email=?
Hibernate: call next value for hibernate_sequence
Hibernate: insert into quiz (author, text, title, id) values (?, ?, ?, ?)
Hibernate: insert into quiz_answer (quiz_id, answer) values (?, ?)
Hibernate: insert into quiz_options (quiz_id, options) values (?, ?)
Hibernate: insert into quiz_options (quiz_id, options) values (?, ?)
Hibernate: insert into quiz_options (quiz_id, options) values (?, ?)
Hibernate: insert into quiz_options (quiz_id, options) values (?, ?)
?[1;31m
Start test 11?[0m
Hibernate: select user0_.email as email1_4_, user0_.password as password2_4_ from user user0_ where user0_.email=?
Hibernate: select quiz0_.id as id1_0_0_, quiz0_.author as author2_0_0_, quiz0_.text as text3_0_0_, quiz0_.title as title4_0_0_ from quiz quiz0_ where quiz0_.id=?
Hibernate: select options0_.quiz_id as quiz_id1_2_0_, options0_.options as options2_2_0_ from quiz_options options0_ where options0_.quiz_id=?
?[1;31m
Start test 12?[0m
Hibernate: select user0_.email as email1_4_, user0_.password as password2_4_ from user user0_ where user0_.email=?
Hibernate: select quiz0_.id as id1_0_0_, quiz0_.author as author2_0_0_, quiz0_.text as text3_0_0_, quiz0_.title as title4_0_0_ from quiz quiz0_ where quiz0_.id=?
?[1;31m
Start test 13?[0m
Hibernate: select user0_.email as email1_4_, user0_.password as password2_4_ from user user0_ where user0_.email=?
Hibernate: select quiz0_.id as id1_0_, quiz0_.author as author2_0_, quiz0_.text as text3_0_, quiz0_.title as title4_0_ from quiz quiz0_ limit ?
Hibernate: select options0_.quiz_id as quiz_id1_2_0_, options0_.options as options2_2_0_ from quiz_options options0_ where options0_.quiz_id=?
?[1;31m
Start test 14?[0m
Hibernate: select user0_.email as email1_4_, user0_.password as password2_4_ from user user0_ where user0_.email=?
Hibernate: call next value for hibernate_sequence
Hibernate: insert into quiz (author, text, title, id) values (?, ?, ?, ?)
Hibernate: insert into quiz_answer (quiz_id, answer) values (?, ?)
Hibernate: insert into quiz_options (quiz_id, options) values (?, ?)
Hibernate: insert into quiz_options (quiz_id, options) values (?, ?)
Hibernate: insert into quiz_options (quiz_id, options) values (?, ?)
Hibernate: insert into quiz_options (quiz_id, options) values (?, ?)
?[1;31m
Start test 15?[0m
Hibernate: select user0_.email as email1_4_, user0_.password as password2_4_ from user user0_ where user0_.email=?
Hibernate: select quiz0_.id as id1_0_0_, quiz0_.author as author2_0_0_, quiz0_.text as text3_0_0_, quiz0_.title as title4_0_0_ from quiz quiz0_ where quiz0_.id=?
Hibernate: select options0_.quiz_id as quiz_id1_2_0_, options0_.options as options2_2_0_ from quiz_options options0_ where options0_.quiz_id=?
?[1;31m
Start test 16?[0m
Hibernate: select user0_.email as email1_4_, user0_.password as password2_4_ from user user0_ where user0_.email=?
Hibernate: select quiz0_.id as id1_0_0_, quiz0_.author as author2_0_0_, quiz0_.text as text3_0_0_, quiz0_.title as title4_0_0_ from quiz quiz0_ where quiz0_.id=?
?[1;31m
Start test 17?[0m
Hibernate: select user0_.email as email1_4_, user0_.password as password2_4_ from user user0_ where user0_.email=?
Hibernate: select quiz0_.id as id1_0_, quiz0_.author as author2_0_, quiz0_.text as text3_0_, quiz0_.title as title4_0_ from quiz quiz0_ limit ?
Hibernate: select options0_.quiz_id as quiz_id1_2_0_, options0_.options as options2_2_0_ from quiz_options options0_ where options0_.quiz_id=?
Hibernate: select options0_.quiz_id as quiz_id1_2_0_, options0_.options as options2_2_0_ from quiz_options options0_ where options0_.quiz_id=?
?[1;31m
Start test 18?[0m
?[1;31m
Start test 19?[0m
?[1;31m
Start test 20?[0m
?[1;31m
Start test 21?[0m
?[1;31m
Start test 22?[0m
?[1;31m
Start test 23?[0m
?[1;31m
Start test 24?[0m
?[1;31m
Start test 25?[0m
?[1;31m
Start test 26?[0m
Hibernate: select user0_.email as email1_4_, user0_.password as password2_4_ from user user0_ where user0_.email=?
?[1;31m
Start test 27?[0m
Hibernate: select user0_.email as email1_4_, user0_.password as password2_4_ from user user0_ where user0_.email=?
?[1;31m
Start test 28?[0m
Hibernate: select user0_.email as email1_4_, user0_.password as password2_4_ from user user0_ where user0_.email=?
?[1;31m
Start test 29?[0m
Hibernate: select user0_.email as email1_4_, user0_.password as password2_4_ from user user0_ where user0_.email=?
?[1;31m
Start test 30?[0m
Hibernate: select user0_.email as email1_4_, user0_.password as password2_4_ from user user0_ where user0_.email=?
?[1;31m
Start test 31?[0m
Hibernate: select user0_.email as email1_4_, user0_.password as password2_4_ from user user0_ where user0_.email=?
?[1;31m
Start test 32?[0m
Hibernate: select user0_.email as email1_4_, user0_.password as password2_4_ from user user0_ where user0_.email=?
?[1;31m
Start test 33?[0m
Hibernate: select user0_.email as email1_4_, user0_.password as password2_4_ from user user0_ where user0_.email=?
?[1;31m
Start test 34?[0m
Hibernate: select user0_.email as email1_4_, user0_.password as password2_4_ from user user0_ where user0_.email=?
Hibernate: select quiz0_.id as id1_0_0_, quiz0_.author as author2_0_0_, quiz0_.text as text3_0_0_, quiz0_.title as title4_0_0_ from quiz quiz0_ where quiz0_.id=?
Hibernate: select answer0_.quiz_id as quiz_id1_1_0_, answer0_.answer as answer2_1_0_ from quiz_answer answer0_ where answer0_.quiz_id=?
?[1;31m
Start test 35?[0m
Hibernate: select user0_.email as email1_4_, user0_.password as password2_4_ from user user0_ where user0_.email=?
Hibernate: select quiz0_.id as id1_0_0_, quiz0_.author as author2_0_0_, quiz0_.text as text3_0_0_, quiz0_.title as title4_0_0_ from quiz quiz0_ where quiz0_.id=?
Hibernate: select answer0_.quiz_id as quiz_id1_1_0_, answer0_.answer as answer2_1_0_ from quiz_answer answer0_ where answer0_.quiz_id=?
?[1;31m
Start test 36?[0m
Hibernate: select user0_.email as email1_4_, user0_.password as password2_4_ from user user0_ where user0_.email=?
Hibernate: select quiz0_.id as id1_0_0_, quiz0_.author as author2_0_0_, quiz0_.text as text3_0_0_, quiz0_.title as title4_0_0_ from quiz quiz0_ where quiz0_.id=?
Hibernate: select answer0_.quiz_id as quiz_id1_1_0_, answer0_.answer as answer2_1_0_ from quiz_answer answer0_ where answer0_.quiz_id=?
Hibernate: call next value for hibernate_sequence
Hibernate: insert into quiz_completion (completed_at, quiz_id, user_email, id) values (?, ?, ?, ?)
?[1;31m
Start test 37?[0m
Hibernate: select user0_.email as email1_4_, user0_.password as password2_4_ from user user0_ where user0_.email=?
Hibernate: select quiz0_.id as id1_0_0_, quiz0_.author as author2_0_0_, quiz0_.text as text3_0_0_, quiz0_.title as title4_0_0_ from quiz quiz0_ where quiz0_.id=?
Hibernate: select answer0_.quiz_id as quiz_id1_1_0_, answer0_.answer as answer2_1_0_ from quiz_answer answer0_ where answer0_.quiz_id=?
?[1;31m
Start test 38?[0m
Hibernate: select user0_.email as email1_4_, user0_.password as password2_4_ from user user0_ where user0_.email=?
Hibernate: select quiz0_.id as id1_0_0_, quiz0_.author as author2_0_0_, quiz0_.text as text3_0_0_, quiz0_.title as title4_0_0_ from quiz quiz0_ where quiz0_.id=?
Hibernate: select answer0_.quiz_id as quiz_id1_1_0_, answer0_.answer as answer2_1_0_ from quiz_answer answer0_ where answer0_.quiz_id=?
?[1;31m
Start test 39?[0m
Hibernate: select user0_.email as email1_4_, user0_.password as password2_4_ from user user0_ where user0_.email=?
Hibernate: select quiz0_.id as id1_0_0_, quiz0_.author as author2_0_0_, quiz0_.text as text3_0_0_, quiz0_.title as title4_0_0_ from quiz quiz0_ where quiz0_.id=?
Hibernate: select answer0_.quiz_id as quiz_id1_1_0_, answer0_.answer as answer2_1_0_ from quiz_answer answer0_ where answer0_.quiz_id=?
Hibernate: call next value for hibernate_sequence
Hibernate: insert into quiz_completion (completed_at, quiz_id, user_email, id) values (?, ?, ?, ?)
?[1;31m
Start test 40?[0m
Hibernate: select user0_.email as email1_4_, user0_.password as password2_4_ from user user0_ where user0_.email=?
Hibernate: select quiz0_.id as id1_0_0_, quiz0_.author as author2_0_0_, quiz0_.text as text3_0_0_, quiz0_.title as title4_0_0_ from quiz quiz0_ where quiz0_.id=?
Hibernate: select answer0_.quiz_id as quiz_id1_1_0_, answer0_.answer as answer2_1_0_ from quiz_answer answer0_ where answer0_.quiz_id=?
?[1;31m
Start test 41?[0m
Hibernate: select user0_.email as email1_4_, user0_.password as password2_4_ from user user0_ where user0_.email=?
Hibernate: select quiz0_.id as id1_0_0_, quiz0_.author as author2_0_0_, quiz0_.text as text3_0_0_, quiz0_.title as title4_0_0_ from quiz quiz0_ where quiz0_.id=?
Hibernate: select answer0_.quiz_id as quiz_id1_1_0_, answer0_.answer as answer2_1_0_ from quiz_answer answer0_ where answer0_.quiz_id=?
?[1;31m
Start test 42?[0m
Hibernate: select user0_.email as email1_4_, user0_.password as password2_4_ from user user0_ where user0_.email=?
Hibernate: select quizcomple0_.id as id1_3_, quizcomple0_.completed_at as complete2_3_, quizcomple0_.quiz_id as quiz_id3_3_, quizcomple0_.user_email as user_ema4_3_ from quiz_completion quizcomple0_ where quizcomple0_.user_email=? order by quizcomple0_.completed_at desc limit ?
?[1;31m
Start test 43?[0m
Hibernate: select user0_.email as email1_4_, user0_.password as password2_4_ from user user0_ where user0_.email=?
Hibernate: select quizcomple0_.id as id1_3_, quizcomple0_.completed_at as complete2_3_, quizcomple0_.quiz_id as quiz_id3_3_, quizcomple0_.user_email as user_ema4_3_ from quiz_completion quizcomple0_ where quizcomple0_.user_email=? order by quizcomple0_.completed_at desc limit ?
?[1;31m
Start test 44?[0m
Hibernate: select user0_.email as email1_4_, user0_.password as password2_4_ from user user0_ where user0_.email=?
Hibernate: select quiz0_.id as id1_0_, quiz0_.author as author2_0_, quiz0_.text as text3_0_, quiz0_.title as title4_0_ from quiz quiz0_ limit ?
Hibernate: select options0_.quiz_id as quiz_id1_2_0_, options0_.options as options2_2_0_ from quiz_options options0_ where options0_.quiz_id=?
Hibernate: select options0_.quiz_id as quiz_id1_2_0_, options0_.options as options2_2_0_ from quiz_options options0_ where options0_.quiz_id=?
?[1;31m
Start test 45?[0m
Hibernate: select user0_.email as email1_4_, user0_.password as password2_4_ from user user0_ where user0_.email=?
Hibernate: select quiz0_.id as id1_0_, quiz0_.author as author2_0_, quiz0_.text as text3_0_, quiz0_.title as title4_0_ from quiz quiz0_ limit ?
Hibernate: select options0_.quiz_id as quiz_id1_2_0_, options0_.options as options2_2_0_ from quiz_options options0_ where options0_.quiz_id=?
Hibernate: select options0_.quiz_id as quiz_id1_2_0_, options0_.options as options2_2_0_ from quiz_options options0_ where options0_.quiz_id=?
?[1;31m
Start test 46?[0m
2020-08-22 22:50:34.033  INFO 8040 --- [       Thread-6] o.s.s.concurrent.ThreadPoolTaskExecutor  : Shutting down ExecutorService 'applicationTaskExecutor'
2020-08-22 22:50:34.037  INFO 8040 --- [       Thread-6] j.LocalContainerEntityManagerFactoryBean : Closing JPA EntityManagerFactory for persistence unit 'default'
2020-08-22 22:50:34.042  INFO 8040 --- [       Thread-6] com.zaxxer.hikari.HikariDataSource       : HikariPool-1 - Shutdown initiated...
2020-08-22 22:50:34.321  INFO 8040 --- [       Thread-6] com.zaxxer.hikari.HikariDataSource       : HikariPool-1 - Shutdown completed.

  .   ____          _            __ _ _
 /\\ / ___'_ __ _ _(_)_ __  __ _ \ \ \ \
( ( )\___ | '_ | '_| | '_ \/ _` | \ \ \ \
 \\/  ___)| |_)| | | | | || (_| |  ) ) ) )
  '  |____| .__|_| |_|_| |_\__, | / / / /
 =========|_|==============|___/=/_/_/_/
 :: Spring Boot ::        (v2.2.2.RELEASE)

2020-08-22 22:50:34.373  INFO 8040 --- [    Test worker] engine.WebQuizEngine                     : Starting WebQuizEngine on POWERPC with PID 8040 (started by alexd in D:\0-alex-reserve\repos\hyperskill-web-quiz-engine\Web Quiz Engine\task)
2020-08-22 22:50:34.374  INFO 8040 --- [    Test worker] engine.WebQuizEngine                     : No active profile set, falling back to default profiles: default
2020-08-22 22:50:34.440  INFO 8040 --- [       Thread-6] o.apache.catalina.core.StandardService   : Stopping service [Tomcat]
2020-08-22 22:50:34.446  INFO 8040 --- [       Thread-6] o.a.c.c.C.[Tomcat].[localhost].[/]       : Destroying Spring FrameworkServlet 'dispatcherServlet'
2020-08-22 22:50:34.717  INFO 8040 --- [    Test worker] .s.d.r.c.RepositoryConfigurationDelegate : Bootstrapping Spring Data JPA repositories in DEFAULT mode.
2020-08-22 22:50:34.735  INFO 8040 --- [    Test worker] .s.d.r.c.RepositoryConfigurationDelegate : Finished Spring Data repository scanning in 17ms. Found 3 JPA repository interfaces.
2020-08-22 22:50:34.807  INFO 8040 --- [    Test worker] trationDelegate$BeanPostProcessorChecker : Bean 'org.springframework.transaction.annotation.ProxyTransactionManagementConfiguration' of type [org.springframework.transaction.annotation.ProxyTransactionManagementConfiguration] is not eligible for getting processed by all BeanPostProcessors (for example: not eligible for auto-proxying)
2020-08-22 22:50:34.842  WARN 8040 --- [    Test worker] org.apache.tomcat.util.modeler.Registry  : The MBean registry cannot be disabled because it has already been initialised
2020-08-22 22:50:34.850  INFO 8040 --- [    Test worker] o.s.b.w.embedded.tomcat.TomcatWebServer  : Tomcat initialized with port(s): 8889 (http)
2020-08-22 22:50:34.850  INFO 8040 --- [    Test worker] o.apache.catalina.core.StandardService   : Starting service [Tomcat]
2020-08-22 22:50:34.851  INFO 8040 --- [    Test worker] org.apache.catalina.core.StandardEngine  : Starting Servlet engine: [Apache Tomcat/9.0.29]
2020-08-22 22:50:34.886  INFO 8040 --- [    Test worker] o.a.c.c.C.[Tomcat].[localhost].[/]       : Initializing Spring embedded WebApplicationContext
2020-08-22 22:50:34.886  INFO 8040 --- [    Test worker] o.s.web.context.ContextLoader            : Root WebApplicationContext: initialization completed in 509 ms
2020-08-22 22:50:34.934  INFO 8040 --- [    Test worker] com.zaxxer.hikari.HikariDataSource       : HikariPool-2 - Starting...
2020-08-22 22:50:34.947  INFO 8040 --- [    Test worker] com.zaxxer.hikari.HikariDataSource       : HikariPool-2 - Start completed.
2020-08-22 22:50:34.947  INFO 8040 --- [    Test worker] o.s.b.a.h2.H2ConsoleAutoConfiguration    : H2 console available at '/h2-console'. Database available at 'jdbc:h2:file:../quizdb'
2020-08-22 22:50:35.049  INFO 8040 --- [    Test worker] o.hibernate.jpa.internal.util.LogHelper  : HHH000204: Processing PersistenceUnitInfo [name: default]
2020-08-22 22:50:35.061  INFO 8040 --- [    Test worker] org.hibernate.dialect.Dialect            : HHH000400: Using dialect: org.hibernate.dialect.H2Dialect
2020-08-22 22:50:35.169  INFO 8040 --- [    Test worker] o.h.e.t.j.p.i.JtaPlatformInitiator       : HHH000490: Using JtaPlatform implementation: [org.hibernate.engine.transaction.jta.platform.internal.NoJtaPlatform]
2020-08-22 22:50:35.169  INFO 8040 --- [    Test worker] j.LocalContainerEntityManagerFactoryBean : Initialized JPA EntityManagerFactory for persistence unit 'default'
2020-08-22 22:50:35.211  WARN 8040 --- [    Test worker] JpaBaseConfiguration$JpaWebConfiguration : spring.jpa.open-in-view is enabled by default. Therefore, database queries may be performed during view rendering. Explicitly configure spring.jpa.open-in-view to disable this warning
2020-08-22 22:50:35.296  INFO 8040 --- [    Test worker] o.s.s.web.DefaultSecurityFilterChain     : Creating filter chain: any request, [org.springframework.security.web.context.request.async.WebAsyncManagerIntegrationFilter@fa591cc, org.springframework.security.web.context.SecurityContextPersistenceFilter@1a10d03f, org.springframework.security.web.header.HeaderWriterFilter@31162cd8, org.springframework.security.web.authentication.logout.LogoutFilter@14117f8, org.springframework.security.web.authentication.www.BasicAuthenticationFilter@35ce41d1, org.springframework.security.web.savedrequest.RequestCacheAwareFilter@3fc19e05, org.springframework.security.web.servletapi.SecurityContextHolderAwareRequestFilter@3f3115c9, org.springframework.security.web.authentication.AnonymousAuthenticationFilter@65c1d013, org.springframework.security.web.session.SessionManagementFilter@5f9fa819, org.springframework.security.web.access.ExceptionTranslationFilter@74fa21d1, org.springframework.security.web.access.intercept.FilterSecurityInterceptor@57a01eac]
2020-08-22 22:50:35.346  INFO 8040 --- [    Test worker] o.s.s.concurrent.ThreadPoolTaskExecutor  : Initializing ExecutorService 'applicationTaskExecutor'
2020-08-22 22:50:35.443  INFO 8040 --- [    Test worker] o.s.b.a.e.web.EndpointLinksResolver      : Exposing 14 endpoint(s) beneath base path '/actuator'
2020-08-22 22:50:35.466  INFO 8040 --- [    Test worker] o.s.b.w.embedded.tomcat.TomcatWebServer  : Tomcat started on port(s): 8889 (http) with context path ''
2020-08-22 22:50:35.467  INFO 8040 --- [    Test worker] engine.WebQuizEngine                     : Started WebQuizEngine in 1.127 seconds (JVM running for 13.39)
?[1;31m
Start test 47?[0m
2020-08-22 22:50:35.475  INFO 8040 --- [nio-8889-exec-1] o.a.c.c.C.[Tomcat].[localhost].[/]       : Initializing Spring DispatcherServlet 'dispatcherServlet'
2020-08-22 22:50:35.475  INFO 8040 --- [nio-8889-exec-1] o.s.web.servlet.DispatcherServlet        : Initializing Servlet 'dispatcherServlet'
2020-08-22 22:50:35.479  INFO 8040 --- [nio-8889-exec-1] o.s.web.servlet.DispatcherServlet        : Completed initialization in 4 ms
Hibernate: select user0_.email as email1_4_, user0_.password as password2_4_ from user user0_ where user0_.email=?
Hibernate: select quiz0_.id as id1_0_, quiz0_.author as author2_0_, quiz0_.text as text3_0_, quiz0_.title as title4_0_ from quiz quiz0_ limit ?
Hibernate: select options0_.quiz_id as quiz_id1_2_0_, options0_.options as options2_2_0_ from quiz_options options0_ where options0_.quiz_id=?
Hibernate: select options0_.quiz_id as quiz_id1_2_0_, options0_.options as options2_2_0_ from quiz_options options0_ where options0_.quiz_id=?
?[1;31m
Start test 48?[0m
Hibernate: select user0_.email as email1_4_, user0_.password as password2_4_ from user user0_ where user0_.email=?
Hibernate: select quiz0_.id as id1_0_, quiz0_.author as author2_0_, quiz0_.text as text3_0_, quiz0_.title as title4_0_ from quiz quiz0_ limit ?
Hibernate: select options0_.quiz_id as quiz_id1_2_0_, options0_.options as options2_2_0_ from quiz_options options0_ where options0_.quiz_id=?
Hibernate: select options0_.quiz_id as quiz_id1_2_0_, options0_.options as options2_2_0_ from quiz_options options0_ where options0_.quiz_id=?
?[1;31m
Start test 49?[0m
Hibernate: select user0_.email as email1_4_, user0_.password as password2_4_ from user user0_ where user0_.email=?
Hibernate: select quiz0_.id as id1_0_0_, quiz0_.author as author2_0_0_, quiz0_.text as text3_0_0_, quiz0_.title as title4_0_0_ from quiz quiz0_ where quiz0_.id=?
Hibernate: select answer0_.quiz_id as quiz_id1_1_0_, answer0_.answer as answer2_1_0_ from quiz_answer answer0_ where answer0_.quiz_id=?
Hibernate: call next value for hibernate_sequence
Hibernate: insert into quiz_completion (completed_at, quiz_id, user_email, id) values (?, ?, ?, ?)
?[1;31m
Start test 50?[0m
Hibernate: select user0_.email as email1_4_, user0_.password as password2_4_ from user user0_ where user0_.email=?
Hibernate: select quiz0_.id as id1_0_0_, quiz0_.author as author2_0_0_, quiz0_.text as text3_0_0_, quiz0_.title as title4_0_0_ from quiz quiz0_ where quiz0_.id=?
Hibernate: select answer0_.quiz_id as quiz_id1_1_0_, answer0_.answer as answer2_1_0_ from quiz_answer answer0_ where answer0_.quiz_id=?
?[1;31m
Start test 51?[0m
Hibernate: select user0_.email as email1_4_, user0_.password as password2_4_ from user user0_ where user0_.email=?
Hibernate: select quiz0_.id as id1_0_0_, quiz0_.author as author2_0_0_, quiz0_.text as text3_0_0_, quiz0_.title as title4_0_0_ from quiz quiz0_ where quiz0_.id=?
Hibernate: select answer0_.quiz_id as quiz_id1_1_0_, answer0_.answer as answer2_1_0_ from quiz_answer answer0_ where answer0_.quiz_id=?
?[1;31m
Start test 52?[0m
Hibernate: select user0_.email as email1_4_, user0_.password as password2_4_ from user user0_ where user0_.email=?
Hibernate: select quiz0_.id as id1_0_0_, quiz0_.author as author2_0_0_, quiz0_.text as text3_0_0_, quiz0_.title as title4_0_0_ from quiz quiz0_ where quiz0_.id=?
Hibernate: select answer0_.quiz_id as quiz_id1_1_0_, answer0_.answer as answer2_1_0_ from quiz_answer answer0_ where answer0_.quiz_id=?
Hibernate: call next value for hibernate_sequence
Hibernate: insert into quiz_completion (completed_at, quiz_id, user_email, id) values (?, ?, ?, ?)
?[1;31m
Start test 53?[0m
Hibernate: select user0_.email as email1_4_, user0_.password as password2_4_ from user user0_ where user0_.email=?
Hibernate: select quizcomple0_.id as id1_3_, quizcomple0_.completed_at as complete2_3_, quizcomple0_.quiz_id as quiz_id3_3_, quizcomple0_.user_email as user_ema4_3_ from quiz_completion quizcomple0_ where quizcomple0_.user_email=? order by quizcomple0_.completed_at desc limit ?
?[1;31m
Start test 54?[0m
Hibernate: select user0_.email as email1_4_, user0_.password as password2_4_ from user user0_ where user0_.email=?
Hibernate: select quizcomple0_.id as id1_3_, quizcomple0_.completed_at as complete2_3_, quizcomple0_.quiz_id as quiz_id3_3_, quizcomple0_.user_email as user_ema4_3_ from quiz_completion quizcomple0_ where quizcomple0_.user_email=? order by quizcomple0_.completed_at desc limit ?
?[1;31m
Start test 55?[0m
Hibernate: select user0_.email as email1_4_, user0_.password as password2_4_ from user user0_ where user0_.email=?
Hibernate: select quizcomple0_.id as id1_3_, quizcomple0_.completed_at as complete2_3_, quizcomple0_.quiz_id as quiz_id3_3_, quizcomple0_.user_email as user_ema4_3_ from quiz_completion quizcomple0_ where quizcomple0_.user_email=? order by quizcomple0_.completed_at desc limit ?
?[1;31m
Start test 56?[0m
Hibernate: select user0_.email as email1_4_, user0_.password as password2_4_ from user user0_ where user0_.email=?
Hibernate: select quizcomple0_.id as id1_3_, quizcomple0_.completed_at as complete2_3_, quizcomple0_.quiz_id as quiz_id3_3_, quizcomple0_.user_email as user_ema4_3_ from quiz_completion quizcomple0_ where quizcomple0_.user_email=? order by quizcomple0_.completed_at desc limit ?
?[1;31m
Start test 57?[0m
Hibernate: select user0_.email as email1_4_, user0_.password as password2_4_ from user user0_ where user0_.email=?
2020-08-22 22:50:36.486  WARN 8040 --- [nio-8889-exec-1] .w.s.m.s.DefaultHandlerExceptionResolver : Resolved [org.springframework.http.converter.HttpMessageNotReadableException: JSON parse error: Unexpected character ('"' (code 34)): was expecting comma to separate Object entries; nested exception is com.fasterxml.jackson.core.JsonParseException: Unexpected character ('"' (code 34)): was expecting comma to separate Object entries
 at [Source: (PushbackInputStream); line: 4, column: 4]]
?[1;31m
Start test 58?[0m
Hibernate: select user0_.email as email1_4_, user0_.password as password2_4_ from user user0_ where user0_.email=?
2020-08-22 22:50:36.569  WARN 8040 --- [nio-8889-exec-2] .w.s.m.s.DefaultHandlerExceptionResolver : Resolved [org.springframework.http.converter.HttpMessageNotReadableException: JSON parse error: Unexpected character ('"' (code 34)): was expecting comma to separate Object entries; nested exception is com.fasterxml.jackson.core.JsonParseException: Unexpected character ('"' (code 34)): was expecting comma to separate Object entries
 at [Source: (PushbackInputStream); line: 5, column: 4]]
?[1;31m
Start test 59?[0m
Hibernate: select user0_.email as email1_4_, user0_.password as password2_4_ from user user0_ where user0_.email=?
2020-08-22 22:50:36.647  WARN 8040 --- [nio-8889-exec-3] .w.s.m.s.DefaultHandlerExceptionResolver : Resolved [org.springframework.http.converter.HttpMessageNotReadableException: JSON parse error: Unexpected character ('"' (code 34)): was expecting comma to separate Object entries; nested exception is com.fasterxml.jackson.core.JsonParseException: Unexpected character ('"' (code 34)): was expecting comma to separate Object entries
 at [Source: (PushbackInputStream); line: 4, column: 4]]
?[1;31m
Start test 60?[0m
Hibernate: select user0_.email as email1_4_, user0_.password as password2_4_ from user user0_ where user0_.email=?
2020-08-22 22:50:36.727  WARN 8040 --- [nio-8889-exec-4] .w.s.m.s.DefaultHandlerExceptionResolver : Resolved [org.springframework.http.converter.HttpMessageNotReadableException: JSON parse error: Unexpected character ('"' (code 34)): was expecting comma to separate Object entries; nested exception is com.fasterxml.jackson.core.JsonParseException: Unexpected character ('"' (code 34)): was expecting comma to separate Object entries
 at [Source: (PushbackInputStream); line: 5, column: 4]]
?[1;31m
Start test 61?[0m
Hibernate: select user0_.email as email1_4_, user0_.password as password2_4_ from user user0_ where user0_.email=?
2020-08-22 22:50:36.827  WARN 8040 --- [nio-8889-exec-5] .w.s.m.s.DefaultHandlerExceptionResolver : Resolved [org.springframework.web.bind.MethodArgumentNotValidException: Validation failed for argument [0] in public engine.entity.Quiz engine.controller.QuizController.addQuiz(engine.entity.Quiz,java.security.Principal): [Field error in object 'quiz' on field 'options': rejected value [null]; codes [NotNull.quiz.options,NotNull.options,NotNull.java.util.List,NotNull]; arguments [org.springframework.context.support.DefaultMessageSourceResolvable: codes [quiz.options,options]; arguments []; default message [options]]; default message [must not be null]] ]
?[1;31m
Start test 62?[0m
Hibernate: select user0_.email as email1_4_, user0_.password as password2_4_ from user user0_ where user0_.email=?
2020-08-22 22:50:36.909  WARN 8040 --- [nio-8889-exec-6] .w.s.m.s.DefaultHandlerExceptionResolver : Resolved [org.springframework.http.converter.HttpMessageNotReadableException: JSON parse error: Unexpected character ('"' (code 34)): was expecting comma to separate Object entries; nested exception is com.fasterxml.jackson.core.JsonParseException: Unexpected character ('"' (code 34)): was expecting comma to separate Object entries
 at [Source: (PushbackInputStream); line: 5, column: 4]]
?[1;31m
Start test 63?[0m
Hibernate: select user0_.email as email1_4_, user0_.password as password2_4_ from user user0_ where user0_.email=?
2020-08-22 22:50:36.988  WARN 8040 --- [nio-8889-exec-7] .w.s.m.s.DefaultHandlerExceptionResolver : Resolved [org.springframework.http.converter.HttpMessageNotReadableException: JSON parse error: Unexpected character ('"' (code 34)): was expecting comma to separate Object entries; nested exception is com.fasterxml.jackson.core.JsonParseException: Unexpected character ('"' (code 34)): was expecting comma to separate Object entries
 at [Source: (PushbackInputStream); line: 5, column: 4]]
?[1;31m
Start test 64?[0m
Hibernate: select user0_.email as email1_4_, user0_.password as password2_4_ from user user0_ where user0_.email=?
Hibernate: call next value for hibernate_sequence
Hibernate: insert into quiz (author, text, title, id) values (?, ?, ?, ?)
Hibernate: insert into quiz_answer (quiz_id, answer) values (?, ?)
Hibernate: insert into quiz_answer (quiz_id, answer) values (?, ?)
Hibernate: insert into quiz_options (quiz_id, options) values (?, ?)
Hibernate: insert into quiz_options (quiz_id, options) values (?, ?)
Hibernate: insert into quiz_options (quiz_id, options) values (?, ?)
Hibernate: insert into quiz_options (quiz_id, options) values (?, ?)
?[1;31m
Start test 65?[0m
Hibernate: select user0_.email as email1_4_, user0_.password as password2_4_ from user user0_ where user0_.email=?
Hibernate: select quiz0_.id as id1_0_0_, quiz0_.author as author2_0_0_, quiz0_.text as text3_0_0_, quiz0_.title as title4_0_0_ from quiz quiz0_ where quiz0_.id=?
Hibernate: select options0_.quiz_id as quiz_id1_2_0_, options0_.options as options2_2_0_ from quiz_options options0_ where options0_.quiz_id=?
?[1;31m
Start test 66?[0m
Hibernate: select user0_.email as email1_4_, user0_.password as password2_4_ from user user0_ where user0_.email=?
Hibernate: select quiz0_.id as id1_0_0_, quiz0_.author as author2_0_0_, quiz0_.text as text3_0_0_, quiz0_.title as title4_0_0_ from quiz quiz0_ where quiz0_.id=?
?[1;31m
Start test 67?[0m
Hibernate: select user0_.email as email1_4_, user0_.password as password2_4_ from user user0_ where user0_.email=?
Hibernate: select quiz0_.id as id1_0_0_, quiz0_.author as author2_0_0_, quiz0_.text as text3_0_0_, quiz0_.title as title4_0_0_ from quiz quiz0_ where quiz0_.id=?
Hibernate: select answer0_.quiz_id as quiz_id1_1_0_, answer0_.answer as answer2_1_0_ from quiz_answer answer0_ where answer0_.quiz_id=?
?[1;31m
Start test 68?[0m
Hibernate: select user0_.email as email1_4_, user0_.password as password2_4_ from user user0_ where user0_.email=?
Hibernate: select quiz0_.id as id1_0_0_, quiz0_.author as author2_0_0_, quiz0_.text as text3_0_0_, quiz0_.title as title4_0_0_ from quiz quiz0_ where quiz0_.id=?
Hibernate: select answer0_.quiz_id as quiz_id1_1_0_, answer0_.answer as answer2_1_0_ from quiz_answer answer0_ where answer0_.quiz_id=?
?[1;31m
Start test 69?[0m
Hibernate: select user0_.email as email1_4_, user0_.password as password2_4_ from user user0_ where user0_.email=?
Hibernate: select quiz0_.id as id1_0_0_, quiz0_.author as author2_0_0_, quiz0_.text as text3_0_0_, quiz0_.title as title4_0_0_ from quiz quiz0_ where quiz0_.id=?
Hibernate: select answer0_.quiz_id as quiz_id1_1_0_, answer0_.answer as answer2_1_0_ from quiz_answer answer0_ where answer0_.quiz_id=?
?[1;31m
Start test 70?[0m
Hibernate: select user0_.email as email1_4_, user0_.password as password2_4_ from user user0_ where user0_.email=?
Hibernate: select quiz0_.id as id1_0_0_, quiz0_.author as author2_0_0_, quiz0_.text as text3_0_0_, quiz0_.title as title4_0_0_ from quiz quiz0_ where quiz0_.id=?
Hibernate: select answer0_.quiz_id as quiz_id1_1_0_, answer0_.answer as answer2_1_0_ from quiz_answer answer0_ where answer0_.quiz_id=?
?[1;31m
Start test 71?[0m
Hibernate: select user0_.email as email1_4_, user0_.password as password2_4_ from user user0_ where user0_.email=?
Hibernate: select quiz0_.id as id1_0_0_, quiz0_.author as author2_0_0_, quiz0_.text as text3_0_0_, quiz0_.title as title4_0_0_ from quiz quiz0_ where quiz0_.id=?
Hibernate: select answer0_.quiz_id as quiz_id1_1_0_, answer0_.answer as answer2_1_0_ from quiz_answer answer0_ where answer0_.quiz_id=?
?[1;31m
Start test 72?[0m
Hibernate: select user0_.email as email1_4_, user0_.password as password2_4_ from user user0_ where user0_.email=?
Hibernate: select quiz0_.id as id1_0_0_, quiz0_.author as author2_0_0_, quiz0_.text as text3_0_0_, quiz0_.title as title4_0_0_ from quiz quiz0_ where quiz0_.id=?
Hibernate: select answer0_.quiz_id as quiz_id1_1_0_, answer0_.answer as answer2_1_0_ from quiz_answer answer0_ where answer0_.quiz_id=?
Hibernate: call next value for hibernate_sequence
Hibernate: insert into quiz_completion (completed_at, quiz_id, user_email, id) values (?, ?, ?, ?)
?[1;31m
Start test 73?[0m
Hibernate: select user0_.email as email1_4_, user0_.password as password2_4_ from user user0_ where user0_.email=?
Hibernate: select quiz0_.id as id1_0_0_, quiz0_.author as author2_0_0_, quiz0_.text as text3_0_0_, quiz0_.title as title4_0_0_ from quiz quiz0_ where quiz0_.id=?
Hibernate: select answer0_.quiz_id as quiz_id1_1_0_, answer0_.answer as answer2_1_0_ from quiz_answer answer0_ where answer0_.quiz_id=?
?[1;31m
Start test 74?[0m
Hibernate: select user0_.email as email1_4_, user0_.password as password2_4_ from user user0_ where user0_.email=?
Hibernate: select quiz0_.id as id1_0_0_, quiz0_.author as author2_0_0_, quiz0_.text as text3_0_0_, quiz0_.title as title4_0_0_ from quiz quiz0_ where quiz0_.id=?
Hibernate: select answer0_.quiz_id as quiz_id1_1_0_, answer0_.answer as answer2_1_0_ from quiz_answer answer0_ where answer0_.quiz_id=?
?[1;31m
Start test 75?[0m
Hibernate: select user0_.email as email1_4_, user0_.password as password2_4_ from user user0_ where user0_.email=?
Hibernate: select quiz0_.id as id1_0_0_, quiz0_.author as author2_0_0_, quiz0_.text as text3_0_0_, quiz0_.title as title4_0_0_ from quiz quiz0_ where quiz0_.id=?
Hibernate: select answer0_.quiz_id as quiz_id1_1_0_, answer0_.answer as answer2_1_0_ from quiz_answer answer0_ where answer0_.quiz_id=?
?[1;31m
Start test 76?[0m
Hibernate: select user0_.email as email1_4_, user0_.password as password2_4_ from user user0_ where user0_.email=?
Hibernate: select quiz0_.id as id1_0_0_, quiz0_.author as author2_0_0_, quiz0_.text as text3_0_0_, quiz0_.title as title4_0_0_ from quiz quiz0_ where quiz0_.id=?
Hibernate: select answer0_.quiz_id as quiz_id1_1_0_, answer0_.answer as answer2_1_0_ from quiz_answer answer0_ where answer0_.quiz_id=?
?[1;31m
Start test 77?[0m
Hibernate: select user0_.email as email1_4_, user0_.password as password2_4_ from user user0_ where user0_.email=?
Hibernate: select quiz0_.id as id1_0_0_, quiz0_.author as author2_0_0_, quiz0_.text as text3_0_0_, quiz0_.title as title4_0_0_ from quiz quiz0_ where quiz0_.id=?
Hibernate: select answer0_.quiz_id as quiz_id1_1_0_, answer0_.answer as answer2_1_0_ from quiz_answer answer0_ where answer0_.quiz_id=?
?[1;31m
Start test 78?[0m
Hibernate: select user0_.email as email1_4_, user0_.password as password2_4_ from user user0_ where user0_.email=?
Hibernate: select quiz0_.id as id1_0_0_, quiz0_.author as author2_0_0_, quiz0_.text as text3_0_0_, quiz0_.title as title4_0_0_ from quiz quiz0_ where quiz0_.id=?
Hibernate: select answer0_.quiz_id as quiz_id1_1_0_, answer0_.answer as answer2_1_0_ from quiz_answer answer0_ where answer0_.quiz_id=?
?[1;31m
Start test 79?[0m
Hibernate: select user0_.email as email1_4_, user0_.password as password2_4_ from user user0_ where user0_.email=?
Hibernate: select quiz0_.id as id1_0_0_, quiz0_.author as author2_0_0_, quiz0_.text as text3_0_0_, quiz0_.title as title4_0_0_ from quiz quiz0_ where quiz0_.id=?
Hibernate: select answer0_.quiz_id as quiz_id1_1_0_, answer0_.answer as answer2_1_0_ from quiz_answer answer0_ where answer0_.quiz_id=?
?[1;31m
Start test 80?[0m
Hibernate: select user0_.email as email1_4_, user0_.password as password2_4_ from user user0_ where user0_.email=?
Hibernate: select quiz0_.id as id1_0_0_, quiz0_.author as author2_0_0_, quiz0_.text as text3_0_0_, quiz0_.title as title4_0_0_ from quiz quiz0_ where quiz0_.id=?
Hibernate: select answer0_.quiz_id as quiz_id1_1_0_, answer0_.answer as answer2_1_0_ from quiz_answer answer0_ where answer0_.quiz_id=?
?[1;31m
Start test 81?[0m
Hibernate: select user0_.email as email1_4_, user0_.password as password2_4_ from user user0_ where user0_.email=?
Hibernate: select quiz0_.id as id1_0_0_, quiz0_.author as author2_0_0_, quiz0_.text as text3_0_0_, quiz0_.title as title4_0_0_ from quiz quiz0_ where quiz0_.id=?
Hibernate: select answer0_.quiz_id as quiz_id1_1_0_, answer0_.answer as answer2_1_0_ from quiz_answer answer0_ where answer0_.quiz_id=?
?[1;31m
Start test 82?[0m
Hibernate: select user0_.email as email1_4_, user0_.password as password2_4_ from user user0_ where user0_.email=?
Hibernate: call next value for hibernate_sequence
Hibernate: insert into quiz (author, text, title, id) values (?, ?, ?, ?)
Hibernate: insert into quiz_answer (quiz_id, answer) values (?, ?)
Hibernate: insert into quiz_answer (quiz_id, answer) values (?, ?)
Hibernate: insert into quiz_options (quiz_id, options) values (?, ?)
Hibernate: insert into quiz_options (quiz_id, options) values (?, ?)
Hibernate: insert into quiz_options (quiz_id, options) values (?, ?)
Hibernate: insert into quiz_options (quiz_id, options) values (?, ?)
?[1;31m
Start test 83?[0m
Hibernate: select user0_.email as email1_4_, user0_.password as password2_4_ from user user0_ where user0_.email=?
Hibernate: select quiz0_.id as id1_0_0_, quiz0_.author as author2_0_0_, quiz0_.text as text3_0_0_, quiz0_.title as title4_0_0_ from quiz quiz0_ where quiz0_.id=?
Hibernate: select options0_.quiz_id as quiz_id1_2_0_, options0_.options as options2_2_0_ from quiz_options options0_ where options0_.quiz_id=?
?[1;31m
Start test 84?[0m
Hibernate: select user0_.email as email1_4_, user0_.password as password2_4_ from user user0_ where user0_.email=?
Hibernate: select quiz0_.id as id1_0_0_, quiz0_.author as author2_0_0_, quiz0_.text as text3_0_0_, quiz0_.title as title4_0_0_ from quiz quiz0_ where quiz0_.id=?
?[1;31m
Start test 85?[0m
Hibernate: select user0_.email as email1_4_, user0_.password as password2_4_ from user user0_ where user0_.email=?
Hibernate: select quiz0_.id as id1_0_0_, quiz0_.author as author2_0_0_, quiz0_.text as text3_0_0_, quiz0_.title as title4_0_0_ from quiz quiz0_ where quiz0_.id=?
Hibernate: select answer0_.quiz_id as quiz_id1_1_0_, answer0_.answer as answer2_1_0_ from quiz_answer answer0_ where answer0_.quiz_id=?
?[1;31m
Start test 86?[0m
Hibernate: select user0_.email as email1_4_, user0_.password as password2_4_ from user user0_ where user0_.email=?
Hibernate: select quiz0_.id as id1_0_0_, quiz0_.author as author2_0_0_, quiz0_.text as text3_0_0_, quiz0_.title as title4_0_0_ from quiz quiz0_ where quiz0_.id=?
Hibernate: select answer0_.quiz_id as quiz_id1_1_0_, answer0_.answer as answer2_1_0_ from quiz_answer answer0_ where answer0_.quiz_id=?
?[1;31m
Start test 87?[0m
Hibernate: select user0_.email as email1_4_, user0_.password as password2_4_ from user user0_ where user0_.email=?
Hibernate: select quiz0_.id as id1_0_0_, quiz0_.author as author2_0_0_, quiz0_.text as text3_0_0_, quiz0_.title as title4_0_0_ from quiz quiz0_ where quiz0_.id=?
Hibernate: select answer0_.quiz_id as quiz_id1_1_0_, answer0_.answer as answer2_1_0_ from quiz_answer answer0_ where answer0_.quiz_id=?
?[1;31m
Start test 88?[0m
Hibernate: select user0_.email as email1_4_, user0_.password as password2_4_ from user user0_ where user0_.email=?
Hibernate: select quiz0_.id as id1_0_0_, quiz0_.author as author2_0_0_, quiz0_.text as text3_0_0_, quiz0_.title as title4_0_0_ from quiz quiz0_ where quiz0_.id=?
Hibernate: select answer0_.quiz_id as quiz_id1_1_0_, answer0_.answer as answer2_1_0_ from quiz_answer answer0_ where answer0_.quiz_id=?
?[1;31m
Start test 89?[0m
Hibernate: select user0_.email as email1_4_, user0_.password as password2_4_ from user user0_ where user0_.email=?
Hibernate: select quiz0_.id as id1_0_0_, quiz0_.author as author2_0_0_, quiz0_.text as text3_0_0_, quiz0_.title as title4_0_0_ from quiz quiz0_ where quiz0_.id=?
Hibernate: select answer0_.quiz_id as quiz_id1_1_0_, answer0_.answer as answer2_1_0_ from quiz_answer answer0_ where answer0_.quiz_id=?
?[1;31m
Start test 90?[0m
Hibernate: select user0_.email as email1_4_, user0_.password as password2_4_ from user user0_ where user0_.email=?
Hibernate: select quiz0_.id as id1_0_0_, quiz0_.author as author2_0_0_, quiz0_.text as text3_0_0_, quiz0_.title as title4_0_0_ from quiz quiz0_ where quiz0_.id=?
Hibernate: select answer0_.quiz_id as quiz_id1_1_0_, answer0_.answer as answer2_1_0_ from quiz_answer answer0_ where answer0_.quiz_id=?
?[1;31m
Start test 91?[0m
Hibernate: select user0_.email as email1_4_, user0_.password as password2_4_ from user user0_ where user0_.email=?
Hibernate: select quiz0_.id as id1_0_0_, quiz0_.author as author2_0_0_, quiz0_.text as text3_0_0_, quiz0_.title as title4_0_0_ from quiz quiz0_ where quiz0_.id=?
Hibernate: select answer0_.quiz_id as quiz_id1_1_0_, answer0_.answer as answer2_1_0_ from quiz_answer answer0_ where answer0_.quiz_id=?
?[1;31m
Start test 92?[0m
Hibernate: select user0_.email as email1_4_, user0_.password as password2_4_ from user user0_ where user0_.email=?
Hibernate: select quiz0_.id as id1_0_0_, quiz0_.author as author2_0_0_, quiz0_.text as text3_0_0_, quiz0_.title as title4_0_0_ from quiz quiz0_ where quiz0_.id=?
Hibernate: select answer0_.quiz_id as quiz_id1_1_0_, answer0_.answer as answer2_1_0_ from quiz_answer answer0_ where answer0_.quiz_id=?
?[1;31m
Start test 93?[0m
Hibernate: select user0_.email as email1_4_, user0_.password as password2_4_ from user user0_ where user0_.email=?
Hibernate: select quiz0_.id as id1_0_0_, quiz0_.author as author2_0_0_, quiz0_.text as text3_0_0_, quiz0_.title as title4_0_0_ from quiz quiz0_ where quiz0_.id=?
Hibernate: select answer0_.quiz_id as quiz_id1_1_0_, answer0_.answer as answer2_1_0_ from quiz_answer answer0_ where answer0_.quiz_id=?
?[1;31m
Start test 94?[0m
Hibernate: select user0_.email as email1_4_, user0_.password as password2_4_ from user user0_ where user0_.email=?
Hibernate: select quiz0_.id as id1_0_0_, quiz0_.author as author2_0_0_, quiz0_.text as text3_0_0_, quiz0_.title as title4_0_0_ from quiz quiz0_ where quiz0_.id=?
Hibernate: select answer0_.quiz_id as quiz_id1_1_0_, answer0_.answer as answer2_1_0_ from quiz_answer answer0_ where answer0_.quiz_id=?
Hibernate: call next value for hibernate_sequence
Hibernate: insert into quiz_completion (completed_at, quiz_id, user_email, id) values (?, ?, ?, ?)
?[1;31m
Start test 95?[0m
Hibernate: select user0_.email as email1_4_, user0_.password as password2_4_ from user user0_ where user0_.email=?
Hibernate: select quiz0_.id as id1_0_0_, quiz0_.author as author2_0_0_, quiz0_.text as text3_0_0_, quiz0_.title as title4_0_0_ from quiz quiz0_ where quiz0_.id=?
Hibernate: select answer0_.quiz_id as quiz_id1_1_0_, answer0_.answer as answer2_1_0_ from quiz_answer answer0_ where answer0_.quiz_id=?
?[1;31m
Start test 96?[0m
Hibernate: select user0_.email as email1_4_, user0_.password as password2_4_ from user user0_ where user0_.email=?
Hibernate: select quiz0_.id as id1_0_0_, quiz0_.author as author2_0_0_, quiz0_.text as text3_0_0_, quiz0_.title as title4_0_0_ from quiz quiz0_ where quiz0_.id=?
Hibernate: select answer0_.quiz_id as quiz_id1_1_0_, answer0_.answer as answer2_1_0_ from quiz_answer answer0_ where answer0_.quiz_id=?
?[1;31m
Start test 97?[0m
Hibernate: select user0_.email as email1_4_, user0_.password as password2_4_ from user user0_ where user0_.email=?
Hibernate: select quiz0_.id as id1_0_0_, quiz0_.author as author2_0_0_, quiz0_.text as text3_0_0_, quiz0_.title as title4_0_0_ from quiz quiz0_ where quiz0_.id=?
Hibernate: select answer0_.quiz_id as quiz_id1_1_0_, answer0_.answer as answer2_1_0_ from quiz_answer answer0_ where answer0_.quiz_id=?
?[1;31m
Start test 98?[0m
Hibernate: select user0_.email as email1_4_, user0_.password as password2_4_ from user user0_ where user0_.email=?
Hibernate: select quiz0_.id as id1_0_0_, quiz0_.author as author2_0_0_, quiz0_.text as text3_0_0_, quiz0_.title as title4_0_0_ from quiz quiz0_ where quiz0_.id=?
Hibernate: select answer0_.quiz_id as quiz_id1_1_0_, answer0_.answer as answer2_1_0_ from quiz_answer answer0_ where answer0_.quiz_id=?
?[1;31m
Start test 99?[0m
Hibernate: select user0_.email as email1_4_, user0_.password as password2_4_ from user user0_ where user0_.email=?
Hibernate: select quiz0_.id as id1_0_0_, quiz0_.author as author2_0_0_, quiz0_.text as text3_0_0_, quiz0_.title as title4_0_0_ from quiz quiz0_ where quiz0_.id=?
Hibernate: select answer0_.quiz_id as quiz_id1_1_0_, answer0_.answer as answer2_1_0_ from quiz_answer answer0_ where answer0_.quiz_id=?
?[1;31m
Start test 100?[0m
Hibernate: select user0_.email as email1_4_, user0_.password as password2_4_ from user user0_ where user0_.email=?
Hibernate: call next value for hibernate_sequence
Hibernate: insert into quiz (author, text, title, id) values (?, ?, ?, ?)
Hibernate: insert into quiz_options (quiz_id, options) values (?, ?)
Hibernate: insert into quiz_options (quiz_id, options) values (?, ?)
Hibernate: insert into quiz_options (quiz_id, options) values (?, ?)
Hibernate: insert into quiz_options (quiz_id, options) values (?, ?)
?[1;31m
Start test 101?[0m
Hibernate: select user0_.email as email1_4_, user0_.password as password2_4_ from user user0_ where user0_.email=?
Hibernate: select quiz0_.id as id1_0_0_, quiz0_.author as author2_0_0_, quiz0_.text as text3_0_0_, quiz0_.title as title4_0_0_ from quiz quiz0_ where quiz0_.id=?
Hibernate: select options0_.quiz_id as quiz_id1_2_0_, options0_.options as options2_2_0_ from quiz_options options0_ where options0_.quiz_id=?
?[1;31m
Start test 102?[0m
Hibernate: select user0_.email as email1_4_, user0_.password as password2_4_ from user user0_ where user0_.email=?
Hibernate: select quiz0_.id as id1_0_0_, quiz0_.author as author2_0_0_, quiz0_.text as text3_0_0_, quiz0_.title as title4_0_0_ from quiz quiz0_ where quiz0_.id=?
?[1;31m
Start test 103?[0m
Hibernate: select user0_.email as email1_4_, user0_.password as password2_4_ from user user0_ where user0_.email=?
Hibernate: select quiz0_.id as id1_0_0_, quiz0_.author as author2_0_0_, quiz0_.text as text3_0_0_, quiz0_.title as title4_0_0_ from quiz quiz0_ where quiz0_.id=?
Hibernate: select answer0_.quiz_id as quiz_id1_1_0_, answer0_.answer as answer2_1_0_ from quiz_answer answer0_ where answer0_.quiz_id=?
Hibernate: call next value for hibernate_sequence
Hibernate: insert into quiz_completion (completed_at, quiz_id, user_email, id) values (?, ?, ?, ?)
?[1;31m
Start test 104?[0m
Hibernate: select user0_.email as email1_4_, user0_.password as password2_4_ from user user0_ where user0_.email=?
Hibernate: select quiz0_.id as id1_0_0_, quiz0_.author as author2_0_0_, quiz0_.text as text3_0_0_, quiz0_.title as title4_0_0_ from quiz quiz0_ where quiz0_.id=?
Hibernate: select answer0_.quiz_id as quiz_id1_1_0_, answer0_.answer as answer2_1_0_ from quiz_answer answer0_ where answer0_.quiz_id=?
?[1;31m
Start test 105?[0m
Hibernate: select user0_.email as email1_4_, user0_.password as password2_4_ from user user0_ where user0_.email=?
Hibernate: select quiz0_.id as id1_0_0_, quiz0_.author as author2_0_0_, quiz0_.text as text3_0_0_, quiz0_.title as title4_0_0_ from quiz quiz0_ where quiz0_.id=?
Hibernate: select answer0_.quiz_id as quiz_id1_1_0_, answer0_.answer as answer2_1_0_ from quiz_answer answer0_ where answer0_.quiz_id=?
?[1;31m
Start test 106?[0m
Hibernate: select user0_.email as email1_4_, user0_.password as password2_4_ from user user0_ where user0_.email=?
Hibernate: select quiz0_.id as id1_0_0_, quiz0_.author as author2_0_0_, quiz0_.text as text3_0_0_, quiz0_.title as title4_0_0_ from quiz quiz0_ where quiz0_.id=?
Hibernate: select answer0_.quiz_id as quiz_id1_1_0_, answer0_.answer as answer2_1_0_ from quiz_answer answer0_ where answer0_.quiz_id=?
?[1;31m
Start test 107?[0m
Hibernate: select user0_.email as email1_4_, user0_.password as password2_4_ from user user0_ where user0_.email=?
Hibernate: select quiz0_.id as id1_0_0_, quiz0_.author as author2_0_0_, quiz0_.text as text3_0_0_, quiz0_.title as title4_0_0_ from quiz quiz0_ where quiz0_.id=?
Hibernate: select answer0_.quiz_id as quiz_id1_1_0_, answer0_.answer as answer2_1_0_ from quiz_answer answer0_ where answer0_.quiz_id=?
?[1;31m
Start test 108?[0m
Hibernate: select user0_.email as email1_4_, user0_.password as password2_4_ from user user0_ where user0_.email=?
Hibernate: select quiz0_.id as id1_0_0_, quiz0_.author as author2_0_0_, quiz0_.text as text3_0_0_, quiz0_.title as title4_0_0_ from quiz quiz0_ where quiz0_.id=?
Hibernate: select answer0_.quiz_id as quiz_id1_1_0_, answer0_.answer as answer2_1_0_ from quiz_answer answer0_ where answer0_.quiz_id=?
?[1;31m
Start test 109?[0m
Hibernate: select user0_.email as email1_4_, user0_.password as password2_4_ from user user0_ where user0_.email=?
Hibernate: select quiz0_.id as id1_0_0_, quiz0_.author as author2_0_0_, quiz0_.text as text3_0_0_, quiz0_.title as title4_0_0_ from quiz quiz0_ where quiz0_.id=?
Hibernate: select answer0_.quiz_id as quiz_id1_1_0_, answer0_.answer as answer2_1_0_ from quiz_answer answer0_ where answer0_.quiz_id=?
?[1;31m
Start test 110?[0m
Hibernate: select user0_.email as email1_4_, user0_.password as password2_4_ from user user0_ where user0_.email=?
Hibernate: select quiz0_.id as id1_0_0_, quiz0_.author as author2_0_0_, quiz0_.text as text3_0_0_, quiz0_.title as title4_0_0_ from quiz quiz0_ where quiz0_.id=?
Hibernate: select answer0_.quiz_id as quiz_id1_1_0_, answer0_.answer as answer2_1_0_ from quiz_answer answer0_ where answer0_.quiz_id=?
?[1;31m
Start test 111?[0m
Hibernate: select user0_.email as email1_4_, user0_.password as password2_4_ from user user0_ where user0_.email=?
Hibernate: select quiz0_.id as id1_0_0_, quiz0_.author as author2_0_0_, quiz0_.text as text3_0_0_, quiz0_.title as title4_0_0_ from quiz quiz0_ where quiz0_.id=?
Hibernate: select answer0_.quiz_id as quiz_id1_1_0_, answer0_.answer as answer2_1_0_ from quiz_answer answer0_ where answer0_.quiz_id=?
?[1;31m
Start test 112?[0m
Hibernate: select user0_.email as email1_4_, user0_.password as password2_4_ from user user0_ where user0_.email=?
Hibernate: select quiz0_.id as id1_0_0_, quiz0_.author as author2_0_0_, quiz0_.text as text3_0_0_, quiz0_.title as title4_0_0_ from quiz quiz0_ where quiz0_.id=?
Hibernate: select answer0_.quiz_id as quiz_id1_1_0_, answer0_.answer as answer2_1_0_ from quiz_answer answer0_ where answer0_.quiz_id=?
?[1;31m
Start test 113?[0m
Hibernate: select user0_.email as email1_4_, user0_.password as password2_4_ from user user0_ where user0_.email=?
Hibernate: select quiz0_.id as id1_0_0_, quiz0_.author as author2_0_0_, quiz0_.text as text3_0_0_, quiz0_.title as title4_0_0_ from quiz quiz0_ where quiz0_.id=?
Hibernate: select answer0_.quiz_id as quiz_id1_1_0_, answer0_.answer as answer2_1_0_ from quiz_answer answer0_ where answer0_.quiz_id=?
?[1;31m
Start test 114?[0m
Hibernate: select user0_.email as email1_4_, user0_.password as password2_4_ from user user0_ where user0_.email=?
Hibernate: select quiz0_.id as id1_0_0_, quiz0_.author as author2_0_0_, quiz0_.text as text3_0_0_, quiz0_.title as title4_0_0_ from quiz quiz0_ where quiz0_.id=?
Hibernate: select answer0_.quiz_id as quiz_id1_1_0_, answer0_.answer as answer2_1_0_ from quiz_answer answer0_ where answer0_.quiz_id=?
?[1;31m
Start test 115?[0m
Hibernate: select user0_.email as email1_4_, user0_.password as password2_4_ from user user0_ where user0_.email=?
Hibernate: select quiz0_.id as id1_0_0_, quiz0_.author as author2_0_0_, quiz0_.text as text3_0_0_, quiz0_.title as title4_0_0_ from quiz quiz0_ where quiz0_.id=?
Hibernate: select answer0_.quiz_id as quiz_id1_1_0_, answer0_.answer as answer2_1_0_ from quiz_answer answer0_ where answer0_.quiz_id=?
?[1;31m
Start test 116?[0m
Hibernate: select user0_.email as email1_4_, user0_.password as password2_4_ from user user0_ where user0_.email=?
Hibernate: select quiz0_.id as id1_0_0_, quiz0_.author as author2_0_0_, quiz0_.text as text3_0_0_, quiz0_.title as title4_0_0_ from quiz quiz0_ where quiz0_.id=?
Hibernate: select answer0_.quiz_id as quiz_id1_1_0_, answer0_.answer as answer2_1_0_ from quiz_answer answer0_ where answer0_.quiz_id=?
?[1;31m
Start test 117?[0m
Hibernate: select user0_.email as email1_4_, user0_.password as password2_4_ from user user0_ where user0_.email=?
Hibernate: select quiz0_.id as id1_0_0_, quiz0_.author as author2_0_0_, quiz0_.text as text3_0_0_, quiz0_.title as title4_0_0_ from quiz quiz0_ where quiz0_.id=?
Hibernate: select answer0_.quiz_id as quiz_id1_1_0_, answer0_.answer as answer2_1_0_ from quiz_answer answer0_ where answer0_.quiz_id=?
?[1;31m
Start test 118?[0m
Hibernate: select user0_.email as email1_4_, user0_.password as password2_4_ from user user0_ where user0_.email=?
Hibernate: call next value for hibernate_sequence
Hibernate: insert into quiz (author, text, title, id) values (?, ?, ?, ?)
Hibernate: insert into quiz_options (quiz_id, options) values (?, ?)
Hibernate: insert into quiz_options (quiz_id, options) values (?, ?)
Hibernate: insert into quiz_options (quiz_id, options) values (?, ?)
Hibernate: insert into quiz_options (quiz_id, options) values (?, ?)
?[1;31m
Start test 119?[0m
Hibernate: select user0_.email as email1_4_, user0_.password as password2_4_ from user user0_ where user0_.email=?
Hibernate: select quiz0_.id as id1_0_0_, quiz0_.author as author2_0_0_, quiz0_.text as text3_0_0_, quiz0_.title as title4_0_0_ from quiz quiz0_ where quiz0_.id=?
Hibernate: select options0_.quiz_id as quiz_id1_2_0_, options0_.options as options2_2_0_ from quiz_options options0_ where options0_.quiz_id=?
?[1;31m
Start test 120?[0m
Hibernate: select user0_.email as email1_4_, user0_.password as password2_4_ from user user0_ where user0_.email=?
Hibernate: select quiz0_.id as id1_0_0_, quiz0_.author as author2_0_0_, quiz0_.text as text3_0_0_, quiz0_.title as title4_0_0_ from quiz quiz0_ where quiz0_.id=?
?[1;31m
Start test 121?[0m
Hibernate: select user0_.email as email1_4_, user0_.password as password2_4_ from user user0_ where user0_.email=?
Hibernate: select quiz0_.id as id1_0_0_, quiz0_.author as author2_0_0_, quiz0_.text as text3_0_0_, quiz0_.title as title4_0_0_ from quiz quiz0_ where quiz0_.id=?
Hibernate: select answer0_.quiz_id as quiz_id1_1_0_, answer0_.answer as answer2_1_0_ from quiz_answer answer0_ where answer0_.quiz_id=?
Hibernate: call next value for hibernate_sequence
Hibernate: insert into quiz_completion (completed_at, quiz_id, user_email, id) values (?, ?, ?, ?)
?[1;31m
Start test 122?[0m
Hibernate: select user0_.email as email1_4_, user0_.password as password2_4_ from user user0_ where user0_.email=?
Hibernate: select quiz0_.id as id1_0_0_, quiz0_.author as author2_0_0_, quiz0_.text as text3_0_0_, quiz0_.title as title4_0_0_ from quiz quiz0_ where quiz0_.id=?
Hibernate: select answer0_.quiz_id as quiz_id1_1_0_, answer0_.answer as answer2_1_0_ from quiz_answer answer0_ where answer0_.quiz_id=?
?[1;31m
Start test 123?[0m
Hibernate: select user0_.email as email1_4_, user0_.password as password2_4_ from user user0_ where user0_.email=?
Hibernate: select quiz0_.id as id1_0_0_, quiz0_.author as author2_0_0_, quiz0_.text as text3_0_0_, quiz0_.title as title4_0_0_ from quiz quiz0_ where quiz0_.id=?
Hibernate: select answer0_.quiz_id as quiz_id1_1_0_, answer0_.answer as answer2_1_0_ from quiz_answer answer0_ where answer0_.quiz_id=?
?[1;31m
Start test 124?[0m
Hibernate: select user0_.email as email1_4_, user0_.password as password2_4_ from user user0_ where user0_.email=?
Hibernate: select quiz0_.id as id1_0_0_, quiz0_.author as author2_0_0_, quiz0_.text as text3_0_0_, quiz0_.title as title4_0_0_ from quiz quiz0_ where quiz0_.id=?
Hibernate: select answer0_.quiz_id as quiz_id1_1_0_, answer0_.answer as answer2_1_0_ from quiz_answer answer0_ where answer0_.quiz_id=?
?[1;31m
Start test 125?[0m
Hibernate: select user0_.email as email1_4_, user0_.password as password2_4_ from user user0_ where user0_.email=?
Hibernate: select quiz0_.id as id1_0_0_, quiz0_.author as author2_0_0_, quiz0_.text as text3_0_0_, quiz0_.title as title4_0_0_ from quiz quiz0_ where quiz0_.id=?
Hibernate: select answer0_.quiz_id as quiz_id1_1_0_, answer0_.answer as answer2_1_0_ from quiz_answer answer0_ where answer0_.quiz_id=?
?[1;31m
Start test 126?[0m
Hibernate: select user0_.email as email1_4_, user0_.password as password2_4_ from user user0_ where user0_.email=?
Hibernate: select quiz0_.id as id1_0_0_, quiz0_.author as author2_0_0_, quiz0_.text as text3_0_0_, quiz0_.title as title4_0_0_ from quiz quiz0_ where quiz0_.id=?
Hibernate: select answer0_.quiz_id as quiz_id1_1_0_, answer0_.answer as answer2_1_0_ from quiz_answer answer0_ where answer0_.quiz_id=?
?[1;31m
Start test 127?[0m
Hibernate: select user0_.email as email1_4_, user0_.password as password2_4_ from user user0_ where user0_.email=?
Hibernate: select quiz0_.id as id1_0_0_, quiz0_.author as author2_0_0_, quiz0_.text as text3_0_0_, quiz0_.title as title4_0_0_ from quiz quiz0_ where quiz0_.id=?
Hibernate: select answer0_.quiz_id as quiz_id1_1_0_, answer0_.answer as answer2_1_0_ from quiz_answer answer0_ where answer0_.quiz_id=?
?[1;31m
Start test 128?[0m
Hibernate: select user0_.email as email1_4_, user0_.password as password2_4_ from user user0_ where user0_.email=?
Hibernate: select quiz0_.id as id1_0_0_, quiz0_.author as author2_0_0_, quiz0_.text as text3_0_0_, quiz0_.title as title4_0_0_ from quiz quiz0_ where quiz0_.id=?
Hibernate: select answer0_.quiz_id as quiz_id1_1_0_, answer0_.answer as answer2_1_0_ from quiz_answer answer0_ where answer0_.quiz_id=?
?[1;31m
Start test 129?[0m
Hibernate: select user0_.email as email1_4_, user0_.password as password2_4_ from user user0_ where user0_.email=?
Hibernate: select quiz0_.id as id1_0_0_, quiz0_.author as author2_0_0_, quiz0_.text as text3_0_0_, quiz0_.title as title4_0_0_ from quiz quiz0_ where quiz0_.id=?
Hibernate: select answer0_.quiz_id as quiz_id1_1_0_, answer0_.answer as answer2_1_0_ from quiz_answer answer0_ where answer0_.quiz_id=?
?[1;31m
Start test 130?[0m
Hibernate: select user0_.email as email1_4_, user0_.password as password2_4_ from user user0_ where user0_.email=?
Hibernate: select quiz0_.id as id1_0_0_, quiz0_.author as author2_0_0_, quiz0_.text as text3_0_0_, quiz0_.title as title4_0_0_ from quiz quiz0_ where quiz0_.id=?
Hibernate: select answer0_.quiz_id as quiz_id1_1_0_, answer0_.answer as answer2_1_0_ from quiz_answer answer0_ where answer0_.quiz_id=?
?[1;31m
Start test 131?[0m
Hibernate: select user0_.email as email1_4_, user0_.password as password2_4_ from user user0_ where user0_.email=?
Hibernate: select quiz0_.id as id1_0_0_, quiz0_.author as author2_0_0_, quiz0_.text as text3_0_0_, quiz0_.title as title4_0_0_ from quiz quiz0_ where quiz0_.id=?
Hibernate: select answer0_.quiz_id as quiz_id1_1_0_, answer0_.answer as answer2_1_0_ from quiz_answer answer0_ where answer0_.quiz_id=?
?[1;31m
Start test 132?[0m
Hibernate: select user0_.email as email1_4_, user0_.password as password2_4_ from user user0_ where user0_.email=?
Hibernate: select quiz0_.id as id1_0_0_, quiz0_.author as author2_0_0_, quiz0_.text as text3_0_0_, quiz0_.title as title4_0_0_ from quiz quiz0_ where quiz0_.id=?
Hibernate: select answer0_.quiz_id as quiz_id1_1_0_, answer0_.answer as answer2_1_0_ from quiz_answer answer0_ where answer0_.quiz_id=?
?[1;31m
Start test 133?[0m
Hibernate: select user0_.email as email1_4_, user0_.password as password2_4_ from user user0_ where user0_.email=?
Hibernate: select quiz0_.id as id1_0_0_, quiz0_.author as author2_0_0_, quiz0_.text as text3_0_0_, quiz0_.title as title4_0_0_ from quiz quiz0_ where quiz0_.id=?
Hibernate: select answer0_.quiz_id as quiz_id1_1_0_, answer0_.answer as answer2_1_0_ from quiz_answer answer0_ where answer0_.quiz_id=?
?[1;31m
Start test 134?[0m
Hibernate: select user0_.email as email1_4_, user0_.password as password2_4_ from user user0_ where user0_.email=?
Hibernate: select quiz0_.id as id1_0_0_, quiz0_.author as author2_0_0_, quiz0_.text as text3_0_0_, quiz0_.title as title4_0_0_ from quiz quiz0_ where quiz0_.id=?
Hibernate: select answer0_.quiz_id as quiz_id1_1_0_, answer0_.answer as answer2_1_0_ from quiz_answer answer0_ where answer0_.quiz_id=?
?[1;31m
Start test 135?[0m
Hibernate: select user0_.email as email1_4_, user0_.password as password2_4_ from user user0_ where user0_.email=?
Hibernate: select quiz0_.id as id1_0_0_, quiz0_.author as author2_0_0_, quiz0_.text as text3_0_0_, quiz0_.title as title4_0_0_ from quiz quiz0_ where quiz0_.id=?
Hibernate: select answer0_.quiz_id as quiz_id1_1_0_, answer0_.answer as answer2_1_0_ from quiz_answer answer0_ where answer0_.quiz_id=?
?[1;31m
Start test 136?[0m
Hibernate: select user0_.email as email1_4_, user0_.password as password2_4_ from user user0_ where user0_.email=?
Hibernate: call next value for hibernate_sequence
Hibernate: insert into quiz (author, text, title, id) values (?, ?, ?, ?)
Hibernate: insert into quiz_answer (quiz_id, answer) values (?, ?)
Hibernate: insert into quiz_answer (quiz_id, answer) values (?, ?)
Hibernate: insert into quiz_answer (quiz_id, answer) values (?, ?)
Hibernate: insert into quiz_options (quiz_id, options) values (?, ?)
Hibernate: insert into quiz_options (quiz_id, options) values (?, ?)
Hibernate: insert into quiz_options (quiz_id, options) values (?, ?)
Hibernate: insert into quiz_options (quiz_id, options) values (?, ?)
?[1;31m
Start test 137?[0m
Hibernate: select user0_.email as email1_4_, user0_.password as password2_4_ from user user0_ where user0_.email=?
Hibernate: select quiz0_.id as id1_0_0_, quiz0_.author as author2_0_0_, quiz0_.text as text3_0_0_, quiz0_.title as title4_0_0_ from quiz quiz0_ where quiz0_.id=?
Hibernate: select options0_.quiz_id as quiz_id1_2_0_, options0_.options as options2_2_0_ from quiz_options options0_ where options0_.quiz_id=?
?[1;31m
Start test 138?[0m
Hibernate: select user0_.email as email1_4_, user0_.password as password2_4_ from user user0_ where user0_.email=?
Hibernate: select quiz0_.id as id1_0_0_, quiz0_.author as author2_0_0_, quiz0_.text as text3_0_0_, quiz0_.title as title4_0_0_ from quiz quiz0_ where quiz0_.id=?
?[1;31m
Start test 139?[0m
Hibernate: select user0_.email as email1_4_, user0_.password as password2_4_ from user user0_ where user0_.email=?
Hibernate: select quiz0_.id as id1_0_0_, quiz0_.author as author2_0_0_, quiz0_.text as text3_0_0_, quiz0_.title as title4_0_0_ from quiz quiz0_ where quiz0_.id=?
Hibernate: select answer0_.quiz_id as quiz_id1_1_0_, answer0_.answer as answer2_1_0_ from quiz_answer answer0_ where answer0_.quiz_id=?
?[1;31m
Start test 140?[0m
Hibernate: select user0_.email as email1_4_, user0_.password as password2_4_ from user user0_ where user0_.email=?
Hibernate: select quiz0_.id as id1_0_0_, quiz0_.author as author2_0_0_, quiz0_.text as text3_0_0_, quiz0_.title as title4_0_0_ from quiz quiz0_ where quiz0_.id=?
Hibernate: select answer0_.quiz_id as quiz_id1_1_0_, answer0_.answer as answer2_1_0_ from quiz_answer answer0_ where answer0_.quiz_id=?
?[1;31m
Start test 141?[0m
Hibernate: select user0_.email as email1_4_, user0_.password as password2_4_ from user user0_ where user0_.email=?
Hibernate: select quiz0_.id as id1_0_0_, quiz0_.author as author2_0_0_, quiz0_.text as text3_0_0_, quiz0_.title as title4_0_0_ from quiz quiz0_ where quiz0_.id=?
Hibernate: select answer0_.quiz_id as quiz_id1_1_0_, answer0_.answer as answer2_1_0_ from quiz_answer answer0_ where answer0_.quiz_id=?
?[1;31m
Start test 142?[0m
Hibernate: select user0_.email as email1_4_, user0_.password as password2_4_ from user user0_ where user0_.email=?
Hibernate: select quiz0_.id as id1_0_0_, quiz0_.author as author2_0_0_, quiz0_.text as text3_0_0_, quiz0_.title as title4_0_0_ from quiz quiz0_ where quiz0_.id=?
Hibernate: select answer0_.quiz_id as quiz_id1_1_0_, answer0_.answer as answer2_1_0_ from quiz_answer answer0_ where answer0_.quiz_id=?
?[1;31m
Start test 143?[0m
Hibernate: select user0_.email as email1_4_, user0_.password as password2_4_ from user user0_ where user0_.email=?
Hibernate: select quiz0_.id as id1_0_0_, quiz0_.author as author2_0_0_, quiz0_.text as text3_0_0_, quiz0_.title as title4_0_0_ from quiz quiz0_ where quiz0_.id=?
Hibernate: select answer0_.quiz_id as quiz_id1_1_0_, answer0_.answer as answer2_1_0_ from quiz_answer answer0_ where answer0_.quiz_id=?
?[1;31m
Start test 144?[0m
Hibernate: select user0_.email as email1_4_, user0_.password as password2_4_ from user user0_ where user0_.email=?
Hibernate: select quiz0_.id as id1_0_0_, quiz0_.author as author2_0_0_, quiz0_.text as text3_0_0_, quiz0_.title as title4_0_0_ from quiz quiz0_ where quiz0_.id=?
Hibernate: select answer0_.quiz_id as quiz_id1_1_0_, answer0_.answer as answer2_1_0_ from quiz_answer answer0_ where answer0_.quiz_id=?
?[1;31m
Start test 145?[0m
Hibernate: select user0_.email as email1_4_, user0_.password as password2_4_ from user user0_ where user0_.email=?
Hibernate: select quiz0_.id as id1_0_0_, quiz0_.author as author2_0_0_, quiz0_.text as text3_0_0_, quiz0_.title as title4_0_0_ from quiz quiz0_ where quiz0_.id=?
Hibernate: select answer0_.quiz_id as quiz_id1_1_0_, answer0_.answer as answer2_1_0_ from quiz_answer answer0_ where answer0_.quiz_id=?
?[1;31m
Start test 146?[0m
Hibernate: select user0_.email as email1_4_, user0_.password as password2_4_ from user user0_ where user0_.email=?
Hibernate: select quiz0_.id as id1_0_0_, quiz0_.author as author2_0_0_, quiz0_.text as text3_0_0_, quiz0_.title as title4_0_0_ from quiz quiz0_ where quiz0_.id=?
Hibernate: select answer0_.quiz_id as quiz_id1_1_0_, answer0_.answer as answer2_1_0_ from quiz_answer answer0_ where answer0_.quiz_id=?
?[1;31m
Start test 147?[0m
Hibernate: select user0_.email as email1_4_, user0_.password as password2_4_ from user user0_ where user0_.email=?
Hibernate: select quiz0_.id as id1_0_0_, quiz0_.author as author2_0_0_, quiz0_.text as text3_0_0_, quiz0_.title as title4_0_0_ from quiz quiz0_ where quiz0_.id=?
Hibernate: select answer0_.quiz_id as quiz_id1_1_0_, answer0_.answer as answer2_1_0_ from quiz_answer answer0_ where answer0_.quiz_id=?
?[1;31m
Start test 148?[0m
Hibernate: select user0_.email as email1_4_, user0_.password as password2_4_ from user user0_ where user0_.email=?
Hibernate: select quiz0_.id as id1_0_0_, quiz0_.author as author2_0_0_, quiz0_.text as text3_0_0_, quiz0_.title as title4_0_0_ from quiz quiz0_ where quiz0_.id=?
Hibernate: select answer0_.quiz_id as quiz_id1_1_0_, answer0_.answer as answer2_1_0_ from quiz_answer answer0_ where answer0_.quiz_id=?
?[1;31m
Start test 149?[0m
Hibernate: select user0_.email as email1_4_, user0_.password as password2_4_ from user user0_ where user0_.email=?
Hibernate: select quiz0_.id as id1_0_0_, quiz0_.author as author2_0_0_, quiz0_.text as text3_0_0_, quiz0_.title as title4_0_0_ from quiz quiz0_ where quiz0_.id=?
Hibernate: select answer0_.quiz_id as quiz_id1_1_0_, answer0_.answer as answer2_1_0_ from quiz_answer answer0_ where answer0_.quiz_id=?
?[1;31m
Start test 150?[0m
Hibernate: select user0_.email as email1_4_, user0_.password as password2_4_ from user user0_ where user0_.email=?
Hibernate: select quiz0_.id as id1_0_0_, quiz0_.author as author2_0_0_, quiz0_.text as text3_0_0_, quiz0_.title as title4_0_0_ from quiz quiz0_ where quiz0_.id=?
Hibernate: select answer0_.quiz_id as quiz_id1_1_0_, answer0_.answer as answer2_1_0_ from quiz_answer answer0_ where answer0_.quiz_id=?
?[1;31m
Start test 151?[0m
Hibernate: select user0_.email as email1_4_, user0_.password as password2_4_ from user user0_ where user0_.email=?
Hibernate: select quiz0_.id as id1_0_0_, quiz0_.author as author2_0_0_, quiz0_.text as text3_0_0_, quiz0_.title as title4_0_0_ from quiz quiz0_ where quiz0_.id=?
Hibernate: select answer0_.quiz_id as quiz_id1_1_0_, answer0_.answer as answer2_1_0_ from quiz_answer answer0_ where answer0_.quiz_id=?
Hibernate: call next value for hibernate_sequence
Hibernate: insert into quiz_completion (completed_at, quiz_id, user_email, id) values (?, ?, ?, ?)
?[1;31m
Start test 152?[0m
Hibernate: select user0_.email as email1_4_, user0_.password as password2_4_ from user user0_ where user0_.email=?
Hibernate: select quiz0_.id as id1_0_0_, quiz0_.author as author2_0_0_, quiz0_.text as text3_0_0_, quiz0_.title as title4_0_0_ from quiz quiz0_ where quiz0_.id=?
Hibernate: select answer0_.quiz_id as quiz_id1_1_0_, answer0_.answer as answer2_1_0_ from quiz_answer answer0_ where answer0_.quiz_id=?
?[1;31m
Start test 153?[0m
Hibernate: select user0_.email as email1_4_, user0_.password as password2_4_ from user user0_ where user0_.email=?
Hibernate: select quiz0_.id as id1_0_0_, quiz0_.author as author2_0_0_, quiz0_.text as text3_0_0_, quiz0_.title as title4_0_0_ from quiz quiz0_ where quiz0_.id=?
Hibernate: select answer0_.quiz_id as quiz_id1_1_0_, answer0_.answer as answer2_1_0_ from quiz_answer answer0_ where answer0_.quiz_id=?
?[1;31m
Start test 154?[0m
Hibernate: select user0_.email as email1_4_, user0_.password as password2_4_ from user user0_ where user0_.email=?
[...]
2020-08-22 22:50:52.535  WARN 8040 --- [    Test worker] org.apache.tomcat.util.modeler.Registry  : The MBean registry cannot be disabled because it has already been initialised
2020-08-22 22:50:52.543  INFO 8040 --- [    Test worker] o.s.b.w.embedded.tomcat.TomcatWebServer  : Tomcat initialized with port(s): 8889 (http)
2020-08-22 22:50:52.543  INFO 8040 --- [    Test worker] o.apache.catalina.core.StandardService   : Starting service [Tomcat]
2020-08-22 22:50:52.544  INFO 8040 --- [    Test worker] org.apache.catalina.core.StandardEngine  : Starting Servlet engine: [Apache Tomcat/9.0.29]
2020-08-22 22:50:52.576  INFO 8040 --- [    Test worker] o.a.c.c.C.[Tomcat].[localhost].[/]       : Initializing Spring embedded WebApplicationContext
2020-08-22 22:50:52.576  INFO 8040 --- [    Test worker] o.s.web.context.ContextLoader            : Root WebApplicationContext: initialization completed in 396 ms
2020-08-22 22:50:52.621  INFO 8040 --- [    Test worker] com.zaxxer.hikari.HikariDataSource       : HikariPool-4 - Starting...
2020-08-22 22:50:52.630  INFO 8040 --- [    Test worker] com.zaxxer.hikari.HikariDataSource       : HikariPool-4 - Start completed.
2020-08-22 22:50:52.630  INFO 8040 --- [    Test worker] o.s.b.a.h2.H2ConsoleAutoConfiguration    : H2 console available at '/h2-console'. Database available at 'jdbc:h2:file:../quizdb'
2020-08-22 22:50:52.717  INFO 8040 --- [    Test worker] o.hibernate.jpa.internal.util.LogHelper  : HHH000204: Processing PersistenceUnitInfo [name: default]
2020-08-22 22:50:52.726  INFO 8040 --- [    Test worker] org.hibernate.dialect.Dialect            : HHH000400: Using dialect: org.hibernate.dialect.H2Dialect
2020-08-22 22:50:52.814  INFO 8040 --- [    Test worker] o.h.e.t.j.p.i.JtaPlatformInitiator       : HHH000490: Using JtaPlatform implementation: [org.hibernate.engine.transaction.jta.platform.internal.NoJtaPlatform]
2020-08-22 22:50:52.814  INFO 8040 --- [    Test worker] j.LocalContainerEntityManagerFactoryBean : Initialized JPA EntityManagerFactory for persistence unit 'default'
2020-08-22 22:50:52.835  WARN 8040 --- [    Test worker] JpaBaseConfiguration$JpaWebConfiguration : spring.jpa.open-in-view is enabled by default. Therefore, database queries may be performed during view rendering. Explicitly configure spring.jpa.open-in-view to disable this warning
2020-08-22 22:50:52.921  INFO 8040 --- [    Test worker] o.s.s.web.DefaultSecurityFilterChain     : Creating filter chain: any request, [org.springframework.security.web.context.request.async.WebAsyncManagerIntegrationFilter@5f309dd1, org.springframework.security.web.context.SecurityContextPersistenceFilter@11edae05, org.springframework.security.web.header.HeaderWriterFilter@25dc7e9f, org.springframework.security.web.authentication.logout.LogoutFilter@62b1864f, org.springframework.security.web.authentication.www.BasicAuthenticationFilter@7cf72ec4, org.springframework.security.web.savedrequest.RequestCacheAwareFilter@fc97b47, org.springframework.security.web.servletapi.SecurityContextHolderAwareRequestFilter@49a7c4a7, org.springframework.security.web.authentication.AnonymousAuthenticationFilter@6b353eab, org.springframework.security.web.session.SessionManagementFilter@293fc3f6, org.springframework.security.web.access.ExceptionTranslationFilter@2956ed82, org.springframework.security.web.access.intercept.FilterSecurityInterceptor@7b360796]
2020-08-22 22:50:52.984  INFO 8040 --- [    Test worker] o.s.s.concurrent.ThreadPoolTaskExecutor  : Initializing ExecutorService 'applicationTaskExecutor'
2020-08-22 22:50:53.069  INFO 8040 --- [    Test worker] o.s.b.a.e.web.EndpointLinksResolver      : Exposing 14 endpoint(s) beneath base path '/actuator'
2020-08-22 22:50:53.088  INFO 8040 --- [    Test worker] o.s.b.w.embedded.tomcat.TomcatWebServer  : Tomcat started on port(s): 8889 (http) with context path ''
2020-08-22 22:50:53.089  INFO 8040 --- [    Test worker] engine.WebQuizEngine                     : Started WebQuizEngine in 0.935 seconds (JVM running for 31.012)
?[1;31m
Start test 216?[0m
2020-08-22 22:50:53.095  INFO 8040 --- [nio-8889-exec-1] o.a.c.c.C.[Tomcat].[localhost].[/]       : Initializing Spring DispatcherServlet 'dispatcherServlet'
2020-08-22 22:50:53.096  INFO 8040 --- [nio-8889-exec-1] o.s.web.servlet.DispatcherServlet        : Initializing Servlet 'dispatcherServlet'
2020-08-22 22:50:53.098  INFO 8040 --- [nio-8889-exec-1] o.s.web.servlet.DispatcherServlet        : Completed initialization in 2 ms
Hibernate: select user0_.email as email1_4_, user0_.password as password2_4_ from user user0_ where user0_.email=?
Hibernate: select quiz0_.id as id1_0_, quiz0_.author as author2_0_, quiz0_.text as text3_0_, quiz0_.title as title4_0_ from quiz quiz0_ limit ?
Hibernate: select options0_.quiz_id as quiz_id1_2_0_, options0_.options as options2_2_0_ from quiz_options options0_ where options0_.quiz_id=?
Hibernate: select options0_.quiz_id as quiz_id1_2_0_, options0_.options as options2_2_0_ from quiz_options options0_ where options0_.quiz_id=?
Hibernate: select options0_.quiz_id as quiz_id1_2_0_, options0_.options as options2_2_0_ from quiz_options options0_ where options0_.quiz_id=?
Hibernate: select options0_.quiz_id as quiz_id1_2_0_, options0_.options as options2_2_0_ from quiz_options options0_ where options0_.quiz_id=?
Hibernate: select options0_.quiz_id as quiz_id1_2_0_, options0_.options as options2_2_0_ from quiz_options options0_ where options0_.quiz_id=?
?[1;31m
Start test 217?[0m
Hibernate: select user0_.email as email1_4_, user0_.password as password2_4_ from user user0_ where user0_.email=?
Hibernate: select quiz0_.id as id1_0_0_, quiz0_.author as author2_0_0_, quiz0_.text as text3_0_0_, quiz0_.title as title4_0_0_ from quiz quiz0_ where quiz0_.id=?
?[1;31m
Start test 218?[0m
Hibernate: select user0_.email as email1_4_, user0_.password as password2_4_ from user user0_ where user0_.email=?
Hibernate: select quiz0_.id as id1_0_0_, quiz0_.author as author2_0_0_, quiz0_.text as text3_0_0_, quiz0_.title as title4_0_0_ from quiz quiz0_ where quiz0_.id=?
?[1;31m
Start test 219?[0m
Hibernate: select user0_.email as email1_4_, user0_.password as password2_4_ from user user0_ where user0_.email=?
Hibernate: select quiz0_.id as id1_0_0_, quiz0_.author as author2_0_0_, quiz0_.text as text3_0_0_, quiz0_.title as title4_0_0_ from quiz quiz0_ where quiz0_.id=?
?[1;31m
Start test 220?[0m
Hibernate: select user0_.email as email1_4_, user0_.password as password2_4_ from user user0_ where user0_.email=?
Hibernate: select quiz0_.id as id1_0_0_, quiz0_.author as author2_0_0_, quiz0_.text as text3_0_0_, quiz0_.title as title4_0_0_ from quiz quiz0_ where quiz0_.id=?
?[1;31m
Start test 221?[0m
Hibernate: select user0_.email as email1_4_, user0_.password as password2_4_ from user user0_ where user0_.email=?
Hibernate: call next value for hibernate_sequence
Hibernate: insert into quiz (author, text, title, id) values (?, ?, ?, ?)
Hibernate: insert into quiz_answer (quiz_id, answer) values (?, ?)
Hibernate: insert into quiz_answer (quiz_id, answer) values (?, ?)
Hibernate: insert into quiz_answer (quiz_id, answer) values (?, ?)
Hibernate: insert into quiz_options (quiz_id, options) values (?, ?)
Hibernate: insert into quiz_options (quiz_id, options) values (?, ?)
Hibernate: insert into quiz_options (quiz_id, options) values (?, ?)
Hibernate: insert into quiz_options (quiz_id, options) values (?, ?)
?[1;31m
Start test 222?[0m
Hibernate: select user0_.email as email1_4_, user0_.password as password2_4_ from user user0_ where user0_.email=?
Hibernate: call next value for hibernate_sequence
Hibernate: insert into quiz (author, text, title, id) values (?, ?, ?, ?)
Hibernate: insert into quiz_answer (quiz_id, answer) values (?, ?)
Hibernate: insert into quiz_answer (quiz_id, answer) values (?, ?)
Hibernate: insert into quiz_answer (quiz_id, answer) values (?, ?)
Hibernate: insert into quiz_options (quiz_id, options) values (?, ?)
Hibernate: insert into quiz_options (quiz_id, options) values (?, ?)
Hibernate: insert into quiz_options (quiz_id, options) values (?, ?)
Hibernate: insert into quiz_options (quiz_id, options) values (?, ?)
?[1;31m
Start test 223?[0m
Hibernate: select user0_.email as email1_4_, user0_.password as password2_4_ from user user0_ where user0_.email=?
Hibernate: call next value for hibernate_sequence
Hibernate: insert into quiz (author, text, title, id) values (?, ?, ?, ?)
Hibernate: insert into quiz_answer (quiz_id, answer) values (?, ?)
Hibernate: insert into quiz_answer (quiz_id, answer) values (?, ?)
Hibernate: insert into quiz_answer (quiz_id, answer) values (?, ?)
Hibernate: insert into quiz_options (quiz_id, options) values (?, ?)
Hibernate: insert into quiz_options (quiz_id, options) values (?, ?)
Hibernate: insert into quiz_options (quiz_id, options) values (?, ?)
Hibernate: insert into quiz_options (quiz_id, options) values (?, ?)
?[1;31m
Start test 224?[0m
Hibernate: select user0_.email as email1_4_, user0_.password as password2_4_ from user user0_ where user0_.email=?
Hibernate: call next value for hibernate_sequence
Hibernate: insert into quiz (author, text, title, id) values (?, ?, ?, ?)
Hibernate: insert into quiz_answer (quiz_id, answer) values (?, ?)
Hibernate: insert into quiz_answer (quiz_id, answer) values (?, ?)
Hibernate: insert into quiz_answer (quiz_id, answer) values (?, ?)
Hibernate: insert into quiz_options (quiz_id, options) values (?, ?)
Hibernate: insert into quiz_options (quiz_id, options) values (?, ?)
Hibernate: insert into quiz_options (quiz_id, options) values (?, ?)
Hibernate: insert into quiz_options (quiz_id, options) values (?, ?)
?[1;31m
Start test 225?[0m
Hibernate: select user0_.email as email1_4_, user0_.password as password2_4_ from user user0_ where user0_.email=?
Hibernate: call next value for hibernate_sequence
Hibernate: insert into quiz (author, text, title, id) values (?, ?, ?, ?)
Hibernate: insert into quiz_answer (quiz_id, answer) values (?, ?)
Hibernate: insert into quiz_answer (quiz_id, answer) values (?, ?)
Hibernate: insert into quiz_answer (quiz_id, answer) values (?, ?)
Hibernate: insert into quiz_options (quiz_id, options) values (?, ?)
Hibernate: insert into quiz_options (quiz_id, options) values (?, ?)
Hibernate: insert into quiz_options (quiz_id, options) values (?, ?)
Hibernate: insert into quiz_options (quiz_id, options) values (?, ?)
?[1;31m
Start test 226?[0m
Hibernate: select user0_.email as email1_4_, user0_.password as password2_4_ from user user0_ where user0_.email=?
Hibernate: call next value for hibernate_sequence
Hibernate: insert into quiz (author, text, title, id) values (?, ?, ?, ?)
Hibernate: insert into quiz_answer (quiz_id, answer) values (?, ?)
Hibernate: insert into quiz_answer (quiz_id, answer) values (?, ?)
Hibernate: insert into quiz_answer (quiz_id, answer) values (?, ?)
Hibernate: insert into quiz_options (quiz_id, options) values (?, ?)
Hibernate: insert into quiz_options (quiz_id, options) values (?, ?)
Hibernate: insert into quiz_options (quiz_id, options) values (?, ?)
Hibernate: insert into quiz_options (quiz_id, options) values (?, ?)
?[1;31m
Start test 227?[0m
Hibernate: select user0_.email as email1_4_, user0_.password as password2_4_ from user user0_ where user0_.email=?
Hibernate: call next value for hibernate_sequence
Hibernate: insert into quiz (author, text, title, id) values (?, ?, ?, ?)
Hibernate: insert into quiz_answer (quiz_id, answer) values (?, ?)
Hibernate: insert into quiz_answer (quiz_id, answer) values (?, ?)
Hibernate: insert into quiz_answer (quiz_id, answer) values (?, ?)
Hibernate: insert into quiz_options (quiz_id, options) values (?, ?)
Hibernate: insert into quiz_options (quiz_id, options) values (?, ?)
Hibernate: insert into quiz_options (quiz_id, options) values (?, ?)
Hibernate: insert into quiz_options (quiz_id, options) values (?, ?)
?[1;31m
Start test 228?[0m
Hibernate: select user0_.email as email1_4_, user0_.password as password2_4_ from user user0_ where user0_.email=?
Hibernate: call next value for hibernate_sequence
Hibernate: insert into quiz (author, text, title, id) values (?, ?, ?, ?)
Hibernate: insert into quiz_answer (quiz_id, answer) values (?, ?)
Hibernate: insert into quiz_answer (quiz_id, answer) values (?, ?)
Hibernate: insert into quiz_answer (quiz_id, answer) values (?, ?)
Hibernate: insert into quiz_options (quiz_id, options) values (?, ?)
Hibernate: insert into quiz_options (quiz_id, options) values (?, ?)
Hibernate: insert into quiz_options (quiz_id, options) values (?, ?)
Hibernate: insert into quiz_options (quiz_id, options) values (?, ?)
?[1;31m
Start test 229?[0m
Hibernate: select user0_.email as email1_4_, user0_.password as password2_4_ from user user0_ where user0_.email=?
Hibernate: call next value for hibernate_sequence
Hibernate: insert into quiz (author, text, title, id) values (?, ?, ?, ?)
Hibernate: insert into quiz_answer (quiz_id, answer) values (?, ?)
Hibernate: insert into quiz_answer (quiz_id, answer) values (?, ?)
Hibernate: insert into quiz_answer (quiz_id, answer) values (?, ?)
Hibernate: insert into quiz_options (quiz_id, options) values (?, ?)
Hibernate: insert into quiz_options (quiz_id, options) values (?, ?)
Hibernate: insert into quiz_options (quiz_id, options) values (?, ?)
Hibernate: insert into quiz_options (quiz_id, options) values (?, ?)
?[1;31m
Start test 230?[0m
Hibernate: select user0_.email as email1_4_, user0_.password as password2_4_ from user user0_ where user0_.email=?
Hibernate: call next value for hibernate_sequence
Hibernate: insert into quiz (author, text, title, id) values (?, ?, ?, ?)
Hibernate: insert into quiz_answer (quiz_id, answer) values (?, ?)
Hibernate: insert into quiz_answer (quiz_id, answer) values (?, ?)
Hibernate: insert into quiz_answer (quiz_id, answer) values (?, ?)
Hibernate: insert into quiz_options (quiz_id, options) values (?, ?)
Hibernate: insert into quiz_options (quiz_id, options) values (?, ?)
Hibernate: insert into quiz_options (quiz_id, options) values (?, ?)
Hibernate: insert into quiz_options (quiz_id, options) values (?, ?)
?[1;31m
Start test 231?[0m
Hibernate: select user0_.email as email1_4_, user0_.password as password2_4_ from user user0_ where user0_.email=?
Hibernate: select quiz0_.id as id1_0_, quiz0_.author as author2_0_, quiz0_.text as text3_0_, quiz0_.title as title4_0_ from quiz quiz0_ limit ?
Hibernate: select count(quiz0_.id) as col_0_0_ from quiz quiz0_
Hibernate: select options0_.quiz_id as quiz_id1_2_0_, options0_.options as options2_2_0_ from quiz_options options0_ where options0_.quiz_id=?
Hibernate: select options0_.quiz_id as quiz_id1_2_0_, options0_.options as options2_2_0_ from quiz_options options0_ where options0_.quiz_id=?
Hibernate: select options0_.quiz_id as quiz_id1_2_0_, options0_.options as options2_2_0_ from quiz_options options0_ where options0_.quiz_id=?
Hibernate: select options0_.quiz_id as quiz_id1_2_0_, options0_.options as options2_2_0_ from quiz_options options0_ where options0_.quiz_id=?
Hibernate: select options0_.quiz_id as quiz_id1_2_0_, options0_.options as options2_2_0_ from quiz_options options0_ where options0_.quiz_id=?
Hibernate: select options0_.quiz_id as quiz_id1_2_0_, options0_.options as options2_2_0_ from quiz_options options0_ where options0_.quiz_id=?
Hibernate: select options0_.quiz_id as quiz_id1_2_0_, options0_.options as options2_2_0_ from quiz_options options0_ where options0_.quiz_id=?
Hibernate: select options0_.quiz_id as quiz_id1_2_0_, options0_.options as options2_2_0_ from quiz_options options0_ where options0_.quiz_id=?
Hibernate: select options0_.quiz_id as quiz_id1_2_0_, options0_.options as options2_2_0_ from quiz_options options0_ where options0_.quiz_id=?
Hibernate: select options0_.quiz_id as quiz_id1_2_0_, options0_.options as options2_2_0_ from quiz_options options0_ where options0_.quiz_id=?
?[1;31m
Start test 232?[0m
Hibernate: select user0_.email as email1_4_, user0_.password as password2_4_ from user user0_ where user0_.email=?
Hibernate: select quiz0_.id as id1_0_, quiz0_.author as author2_0_, quiz0_.text as text3_0_, quiz0_.title as title4_0_ from quiz quiz0_ limit ?
Hibernate: select count(quiz0_.id) as col_0_0_ from quiz quiz0_
Hibernate: select options0_.quiz_id as quiz_id1_2_0_, options0_.options as options2_2_0_ from quiz_options options0_ where options0_.quiz_id=?
Hibernate: select options0_.quiz_id as quiz_id1_2_0_, options0_.options as options2_2_0_ from quiz_options options0_ where options0_.quiz_id=?
Hibernate: select options0_.quiz_id as quiz_id1_2_0_, options0_.options as options2_2_0_ from quiz_options options0_ where options0_.quiz_id=?
Hibernate: select options0_.quiz_id as quiz_id1_2_0_, options0_.options as options2_2_0_ from quiz_options options0_ where options0_.quiz_id=?
Hibernate: select options0_.quiz_id as quiz_id1_2_0_, options0_.options as options2_2_0_ from quiz_options options0_ where options0_.quiz_id=?
Hibernate: select options0_.quiz_id as quiz_id1_2_0_, options0_.options as options2_2_0_ from quiz_options options0_ where options0_.quiz_id=?
Hibernate: select options0_.quiz_id as quiz_id1_2_0_, options0_.options as options2_2_0_ from quiz_options options0_ where options0_.quiz_id=?
Hibernate: select options0_.quiz_id as quiz_id1_2_0_, options0_.options as options2_2_0_ from quiz_options options0_ where options0_.quiz_id=?
Hibernate: select options0_.quiz_id as quiz_id1_2_0_, options0_.options as options2_2_0_ from quiz_options options0_ where options0_.quiz_id=?
Hibernate: select options0_.quiz_id as quiz_id1_2_0_, options0_.options as options2_2_0_ from quiz_options options0_ where options0_.quiz_id=?
?[1;31m
Start test 233?[0m
Hibernate: select user0_.email as email1_4_, user0_.password as password2_4_ from user user0_ where user0_.email=?
Hibernate: select quiz0_.id as id1_0_, quiz0_.author as author2_0_, quiz0_.text as text3_0_, quiz0_.title as title4_0_ from quiz quiz0_ limit ? offset ?
Hibernate: select options0_.quiz_id as quiz_id1_2_0_, options0_.options as options2_2_0_ from quiz_options options0_ where options0_.quiz_id=?
Hibernate: select options0_.quiz_id as quiz_id1_2_0_, options0_.options as options2_2_0_ from quiz_options options0_ where options0_.quiz_id=?
Hibernate: select options0_.quiz_id as quiz_id1_2_0_, options0_.options as options2_2_0_ from quiz_options options0_ where options0_.quiz_id=?
Hibernate: select options0_.quiz_id as quiz_id1_2_0_, options0_.options as options2_2_0_ from quiz_options options0_ where options0_.quiz_id=?
Hibernate: select options0_.quiz_id as quiz_id1_2_0_, options0_.options as options2_2_0_ from quiz_options options0_ where options0_.quiz_id=?
?[1;31m
Start test 234?[0m
Hibernate: select user0_.email as email1_4_, user0_.password as password2_4_ from user user0_ where user0_.email=?
Hibernate: select quiz0_.id as id1_0_, quiz0_.author as author2_0_, quiz0_.text as text3_0_, quiz0_.title as title4_0_ from quiz quiz0_ limit ? offset ?
Hibernate: select options0_.quiz_id as quiz_id1_2_0_, options0_.options as options2_2_0_ from quiz_options options0_ where options0_.quiz_id=?
Hibernate: select options0_.quiz_id as quiz_id1_2_0_, options0_.options as options2_2_0_ from quiz_options options0_ where options0_.quiz_id=?
Hibernate: select options0_.quiz_id as quiz_id1_2_0_, options0_.options as options2_2_0_ from quiz_options options0_ where options0_.quiz_id=?
Hibernate: select options0_.quiz_id as quiz_id1_2_0_, options0_.options as options2_2_0_ from quiz_options options0_ where options0_.quiz_id=?
Hibernate: select options0_.quiz_id as quiz_id1_2_0_, options0_.options as options2_2_0_ from quiz_options options0_ where options0_.quiz_id=?
]]></system-out>
  <system-err><![CDATA[]]></system-err>
</testsuite>
